Log file open, 05/29/21 14:31:28
LogWindows: Failed to load 'aqProf.dll' (GetLastError=126)
LogWindows: File 'aqProf.dll' does not exist
LogWindows: Failed to load 'VtuneApi.dll' (GetLastError=126)
LogWindows: File 'VtuneApi.dll' does not exist
LogWindows: Failed to load 'VtuneApi32e.dll' (GetLastError=126)
LogWindows: File 'VtuneApi32e.dll' does not exist
LogConsoleResponse: Display: Failed to find resolution value strings in scalability ini. Falling back to default.
LogInit: Display: Running engine for game: RealisticRendering
LogPlatformFile: Not using cached read wrapper
LogTaskGraph: Started task graph with 5 named threads and 35 total threads with 3 sets of task threads.
LogStats: Stats thread started at 9.627624
LogD3D11RHI: Loaded GFSDK_Aftermath_Lib.x64.dll
LogICUInternationalization: ICU TimeZone Detection - Raw Offset: +3:00, Platform Override: ''
LogPluginManager: Mounting plugin Paper2D
LogPluginManager: Mounting plugin AISupport
LogPluginManager: Mounting plugin LightPropagationVolume
LogPluginManager: Mounting plugin ActorLayerUtilities
LogPluginManager: Mounting plugin AnimationSharing
LogPluginManager: Mounting plugin CLionSourceCodeAccess
LogPluginManager: Mounting plugin CodeLiteSourceCodeAccess
LogPluginManager: Mounting plugin GitSourceControl
LogPluginManager: Mounting plugin KDevelopSourceCodeAccess
LogPluginManager: Mounting plugin NullSourceCodeAccess
LogPluginManager: Mounting plugin PerforceSourceControl
LogPluginManager: Mounting plugin PlasticSourceControl
LogPluginManager: Mounting plugin SubversionSourceControl
LogPluginManager: Mounting plugin UObjectPlugin
LogPluginManager: Mounting plugin VisualStudioCodeSourceCodeAccess
LogPluginManager: Mounting plugin VisualStudioSourceCodeAccess
LogPluginManager: Mounting plugin XCodeSourceCodeAccess
LogPluginManager: Mounting plugin AssetManagerEditor
LogPluginManager: Mounting plugin CryptoKeys
LogPluginManager: Mounting plugin CurveEditorTools
LogPluginManager: Mounting plugin DataValidation
LogPluginManager: Mounting plugin FacialAnimation
LogPluginManager: Mounting plugin GameplayTagsEditor
LogPluginManager: Mounting plugin MacGraphicsSwitching
LogPluginManager: Mounting plugin MaterialAnalyzer
LogPluginManager: Mounting plugin MobileLauncherProfileWizard
LogPluginManager: Mounting plugin PluginBrowser
LogPluginManager: Mounting plugin SpeedTreeImporter
LogPluginManager: Mounting plugin DatasmithContent
LogPluginManager: Mounting plugin VariantManagerContent
LogPluginManager: Mounting plugin AlembicImporter
LogPluginManager: Mounting plugin AutomationUtils
LogPluginManager: Mounting plugin BackChannel
LogPluginManager: Mounting plugin CharacterAI
LogPluginManager: Mounting plugin GeometryCache
LogPluginManager: Mounting plugin PlatformCrypto
LogPluginManager: Mounting plugin ProxyLODPlugin
LogPluginManager: Mounting plugin SkeletalReduction
LogPluginManager: Mounting plugin MagicLeap
LogPluginManager: Mounting plugin MagicLeapMedia
LogPluginManager: Mounting plugin MLSDK
LogPluginManager: Mounting plugin AndroidMedia
LogPluginManager: Mounting plugin AvfMedia
LogPluginManager: Mounting plugin ImgMedia
LogPluginManager: Mounting plugin MediaCompositing
LogPluginManager: Mounting plugin MediaPlayerEditor
LogPluginManager: Mounting plugin WebMMedia
LogPluginManager: Mounting plugin WmfMedia
LogPluginManager: Mounting plugin TcpMessaging
LogPluginManager: Mounting plugin UdpMessaging
LogPluginManager: Mounting plugin ActorSequence
LogPluginManager: Mounting plugin LevelSequenceEditor
LogPluginManager: Mounting plugin MatineeToLevelSequence
LogPluginManager: Mounting plugin NetcodeUnitTest
LogPluginManager: Mounting plugin NUTUnrealEngine4
LogPluginManager: Mounting plugin OnlineSubsystemGooglePlay
LogPluginManager: Mounting plugin OnlineSubsystemIOS
LogPluginManager: Mounting plugin OnlineSubsystem
LogPluginManager: Mounting plugin OnlineSubsystemNull
LogPluginManager: Mounting plugin OnlineSubsystemUtils
LogPluginManager: Mounting plugin LauncherChunkInstaller
LogPluginManager: Mounting plugin AndroidDeviceProfileSelector
LogPluginManager: Mounting plugin AndroidMoviePlayer
LogPluginManager: Mounting plugin AndroidPermission
LogPluginManager: Mounting plugin AppleImageUtils
LogPluginManager: Mounting plugin AppleMoviePlayer
LogPluginManager: Mounting plugin ArchVisCharacter
LogPluginManager: Mounting plugin AssetTags
LogPluginManager: Mounting plugin AudioCapture
LogPluginManager: Mounting plugin CableComponent
LogPluginManager: Mounting plugin CustomMeshComponent
LogPluginManager: Mounting plugin EditableMesh
LogPluginManager: Mounting plugin ExampleDeviceProfileSelector
LogPluginManager: Mounting plugin GoogleCloudMessaging
LogPluginManager: Mounting plugin IOSDeviceProfileSelector
LogPluginManager: Mounting plugin LinuxDeviceProfileSelector
LogPluginManager: Mounting plugin LocationServicesBPLibrary
LogPluginManager: Mounting plugin MobilePatchingUtils
LogPluginManager: Mounting plugin OculusVR
LogPluginManager: Mounting plugin PhysXVehicles
LogPluginManager: Mounting plugin PostSplashScreen
LogPluginManager: Mounting plugin ProceduralMeshComponent
LogPluginManager: Mounting plugin RuntimePhysXCooking
LogPluginManager: Mounting plugin SignificanceManager
LogPluginManager: Mounting plugin WebMMoviePlayer
LogPluginManager: Mounting plugin WindowsMoviePlayer
LogPluginManager: Mounting plugin ScreenshotTools
LogInit: Using libcurl 7.55.1-DEV
LogInit:  - built for x86_64-pc-win32
LogInit:  - supports SSL with OpenSSL/1.1.1
LogInit:  - supports HTTP deflate (compression) using libz 1.2.8
LogInit:  - other features:
LogInit:      CURL_VERSION_SSL
LogInit:      CURL_VERSION_LIBZ
LogInit:      CURL_VERSION_IPV6
LogInit:      CURL_VERSION_ASYNCHDNS
LogInit:      CURL_VERSION_LARGEFILE
LogInit:      CURL_VERSION_IDN
LogInit:  CurlRequestOptions (configurable via config and command line):
LogInit:  - bVerifyPeer = true  - Libcurl will verify peer certificate
LogInit:  - bUseHttpProxy = false  - Libcurl will NOT use HTTP proxy
LogInit:  - bDontReuseConnections = false  - Libcurl will reuse connections
LogInit:  - MaxHostConnections = 16  - Libcurl will limit the number of connections to a host
LogInit:  - LocalHostAddr = Default
LogInit:  - BufferSize = 65536
LogOnline: OSS: Creating online subsystem instance for: NULL
LogInit: WinSock: version 1.1 (2.2), MaxSocks=32767, MaxUdp=65467
LogOnline: OSS: TryLoadSubsystemAndSetDefault: Loaded subsystem for module [NULL]
LogInit: Build: ++UE4+Release-4.24-CL-11590370
LogInit: Engine Version: 4.24.3-11590370+++UE4+Release-4.24
LogInit: Compatible Engine Version: 4.24.0-10570792+++UE4+Release-4.24
LogInit: Net CL: 10570792
LogInit: OS: Windows 10 (Release 2009) (), CPU: AMD Ryzen 5 3600X 6-Core Processor             , GPU: Radeon RX 580 Series
LogInit: Compiled (64-bit): Feb 24 2020 15:39:18
LogInit: Compiled with Visual C++: 19.16.27032.01
LogInit: Build Configuration: Development
LogInit: Branch Name: ++UE4+Release-4.24
LogInit: Command Line: 
LogInit: Base Directory: D:/UE_4.24/Engine/Binaries/Win64/
LogInit: Installed Engine Build: 1
LogDevObjectVersion: Number of dev versions registered: 25
LogDevObjectVersion:   Dev-Blueprints (B0D832E4-1F89-4F0D-ACCF-7EB736FD4AA2): 10
LogDevObjectVersion:   Dev-Build (E1C64328-A22C-4D53-A36C-8E866417BD8C): 0
LogDevObjectVersion:   Dev-Core (375EC13C-06E4-48FB-B500-84F0262A717E): 3
LogDevObjectVersion:   Dev-Editor (E4B068ED-F494-42E9-A231-DA0B2E46BB41): 37
LogDevObjectVersion:   Dev-Framework (CFFC743F-43B0-4480-9391-14DF171D2073): 36
LogDevObjectVersion:   Dev-Mobile (B02B49B5-BB20-44E9-A304-32B752E40360): 2
LogDevObjectVersion:   Dev-Networking (A4E4105C-59A1-49B5-A7C5-40C4547EDFEE): 0
LogDevObjectVersion:   Dev-Online (39C831C9-5AE6-47DC-9A44-9C173E1C8E7C): 0
LogDevObjectVersion:   Dev-Physics (78F01B33-EBEA-4F98-B9B4-84EACCB95AA2): 2
LogDevObjectVersion:   Dev-Platform (6631380F-2D4D-43E0-8009-CF276956A95A): 0
LogDevObjectVersion:   Dev-Rendering (12F88B9F-8875-4AFC-A67C-D90C383ABD29): 36
LogDevObjectVersion:   Dev-Sequencer (7B5AE74C-D270-4C10-A958-57980B212A5A): 11
LogDevObjectVersion:   Dev-VR (D7296918-1DD6-4BDD-9DE2-64A83CC13884): 2
LogDevObjectVersion:   Dev-LoadTimes (C2A15278-BFE7-4AFE-6C17-90FF531DF755): 1
LogDevObjectVersion:   Private-Geometry (6EACA3D4-40EC-4CC1-B786-8BED09428FC5): 3
LogDevObjectVersion:   Dev-AnimPhys (29E575DD-E0A3-4627-9D10-D276232CDCEA): 17
LogDevObjectVersion:   Dev-Anim (AF43A65D-7FD3-4947-9873-3E8ED9C1BB05): 2
LogDevObjectVersion:   Dev-ReflectionCapture (6B266CEC-1EC7-4B8F-A30B-E4D90942FC07): 1
LogDevObjectVersion:   Dev-Automation (0DF73D61-A23F-47EA-B727-89E90C41499A): 1
LogDevObjectVersion:   FortniteMain (601D1886-AC64-4F84-AA16-D3DE0DEAC7D6): 31
LogDevObjectVersion:   Dev-Enterprise (9DFFBCD6-494F-0158-E221-12823C92A888): 8
LogDevObjectVersion:   Dev-Niagara (F2AED0AC-9AFE-416F-8664-AA7FFA26D6FC): 1
LogDevObjectVersion:   Dev-Destruction (174F1F0B-B4C6-45A5-B13F-2EE8D0FB917D): 9
LogDevObjectVersion:   Dev-Physics-Ext (35F94A83-E258-406C-A318-09F59610247C): 8
LogDevObjectVersion:   Dev-CineCamera (B2E18506-4273-CFC2-A54E-F4BB758BBA07): 1
LogInit: Presizing for max 25165824 objects, including 0 objects not considered by GC, pre-allocating 0 bytes for permanent pool.
LogInit: Object subsystem initialized
LogConfig: Setting CVar [[con.DebugEarlyDefault:1]]
LogConfig: Setting CVar [[r.setres:1280x720]]
[2021.05.29-11.31.31:387][  0]LogConfig: Setting CVar [[r.VSync:0]]
[2021.05.29-11.31.31:387][  0]LogConfig: Setting CVar [[r.RHICmdBypass:0]]
[2021.05.29-11.31.31:398][  0]LogConfig: Applying CVar settings from Section [/Script/Engine.RendererSettings] File [C:/Users/sbirj/OneDrive/Documents/Unreal Projects/RealisticRendering/Saved/Config/Windows/Engine.ini]
[2021.05.29-11.31.31:398][  0]LogConfig: Setting CVar [[r.GPUCrashDebugging:0]]
[2021.05.29-11.31.31:398][  0]LogConfig: Setting CVar [[r.MobileHDR:1]]
[2021.05.29-11.31.31:398][  0]LogConfig: Setting CVar [[r.AllowOcclusionQueries:0]]
[2021.05.29-11.31.31:398][  0]LogConfig: Setting CVar [[r.MinScreenRadiusForLights:0.030000]]
[2021.05.29-11.31.31:398][  0]LogConfig: Setting CVar [[r.MinScreenRadiusForDepthPrepass:0.030000]]
[2021.05.29-11.31.31:398][  0]LogConfig: Setting CVar [[r.PrecomputedVisibilityWarning:0]]
[2021.05.29-11.31.31:398][  0]LogConfig: Setting CVar [[r.TextureStreaming:1]]
[2021.05.29-11.31.31:398][  0]LogConfig: Setting CVar [[Compat.UseDXT5NormalMaps:0]]
[2021.05.29-11.31.31:398][  0]LogConfig: Setting CVar [[r.AllowStaticLighting:1]]
[2021.05.29-11.31.31:398][  0]LogConfig: Setting CVar [[r.TessellationAdaptivePixelsPerTriangle:48.000000]]
[2021.05.29-11.31.31:398][  0]LogConfig: Setting CVar [[r.SeparateTranslucency:0]]
[2021.05.29-11.31.31:398][  0]LogConfig: Setting CVar [[r.CustomDepth:1]]
[2021.05.29-11.31.31:398][  0]LogConfig: Setting CVar [[r.EarlyZPass:3]]
[2021.05.29-11.31.31:440][  0]LogConfig: Setting CVar [[r.ClearSceneMethod:1]]
[2021.05.29-11.31.31:440][  0]LogConfig: Setting CVar [[r.MSAA.CompositingSampleCount:4]]
[2021.05.29-11.31.31:440][  0]LogConfig: Setting CVar [[r.WireframeCullThreshold:5.000000]]
[2021.05.29-11.31.31:440][  0]LogConfig: Applying CVar settings from Section [/Script/Engine.RendererOverrideSettings] File [C:/Users/sbirj/OneDrive/Documents/Unreal Projects/RealisticRendering/Saved/Config/Windows/Engine.ini]
[2021.05.29-11.31.31:440][  0]LogConfig: Applying CVar settings from Section [/Script/Engine.StreamingSettings] File [C:/Users/sbirj/OneDrive/Documents/Unreal Projects/RealisticRendering/Saved/Config/Windows/Engine.ini]
[2021.05.29-11.31.31:440][  0]LogConfig: Setting CVar [[s.MinBulkDataSizeForAsyncLoading:131072]]
[2021.05.29-11.31.31:440][  0]LogConfig: Setting CVar [[s.AsyncLoadingThreadEnabled:0]]
[2021.05.29-11.31.31:440][  0]LogConfig: Setting CVar [[s.EventDrivenLoaderEnabled:1]]
[2021.05.29-11.31.31:440][  0]LogConfig: Setting CVar [[s.WarnIfTimeLimitExceeded:0]]
[2021.05.29-11.31.31:440][  0]LogConfig: Setting CVar [[s.TimeLimitExceededMultiplier:1.5]]
[2021.05.29-11.31.31:440][  0]LogConfig: Setting CVar [[s.TimeLimitExceededMinTime:0.005]]
[2021.05.29-11.31.31:440][  0]LogConfig: Setting CVar [[s.UseBackgroundLevelStreaming:1]]
[2021.05.29-11.31.31:440][  0]LogConfig: Setting CVar [[s.PriorityAsyncLoadingExtraTime:15.0]]
[2021.05.29-11.31.31:440][  0]LogConfig: Setting CVar [[s.LevelStreamingActorsUpdateTimeLimit:5.0]]
[2021.05.29-11.31.31:440][  0]LogConfig: Setting CVar [[s.PriorityLevelStreamingActorsUpdateExtraTime:5.0]]
[2021.05.29-11.31.31:440][  0]LogConfig: Setting CVar [[s.LevelStreamingComponentsRegistrationGranularity:10]]
[2021.05.29-11.31.31:440][  0]LogConfig: Setting CVar [[s.UnregisterComponentsTimeLimit:1.0]]
[2021.05.29-11.31.31:440][  0]LogConfig: Setting CVar [[s.LevelStreamingComponentsUnregistrationGranularity:5]]
[2021.05.29-11.31.31:440][  0]LogConfig: Setting CVar [[s.FlushStreamingOnExit:1]]
[2021.05.29-11.31.31:440][  0]LogConfig: Applying CVar settings from Section [/Script/Engine.GarbageCollectionSettings] File [C:/Users/sbirj/OneDrive/Documents/Unreal Projects/RealisticRendering/Saved/Config/Windows/Engine.ini]
[2021.05.29-11.31.31:440][  0]LogConfig: Setting CVar [[gc.MaxObjectsNotConsideredByGC:1]]
[2021.05.29-11.31.31:440][  0]LogConfig: Setting CVar [[gc.SizeOfPermanentObjectPool:0]]
[2021.05.29-11.31.31:440][  0]LogConfig: Setting CVar [[gc.FlushStreamingOnGC:0]]
[2021.05.29-11.31.31:440][  0]LogConfig: Setting CVar [[gc.NumRetriesBeforeForcingGC:10]]
[2021.05.29-11.31.31:440][  0]LogConfig: Setting CVar [[gc.AllowParallelGC:1]]
[2021.05.29-11.31.31:440][  0]LogConfig: Setting CVar [[gc.TimeBetweenPurgingPendingKillObjects:61.1]]
[2021.05.29-11.31.31:440][  0]LogConfig: Setting CVar [[gc.MaxObjectsInEditor:25165824]]
[2021.05.29-11.31.31:440][  0]LogConfig: Setting CVar [[gc.IncrementalBeginDestroyEnabled:1]]
[2021.05.29-11.31.31:440][  0]LogConfig: Setting CVar [[gc.CreateGCClusters:1]]
[2021.05.29-11.31.31:440][  0]LogConfig: Setting CVar [[gc.MinGCClusterSize:5]]
[2021.05.29-11.31.31:440][  0]LogConfig: Setting CVar [[gc.ActorClusteringEnabled:0]]
[2021.05.29-11.31.31:440][  0]LogConfig: Setting CVar [[gc.BlueprintClusteringEnabled:0]]
[2021.05.29-11.31.31:440][  0]LogConfig: Setting CVar [[gc.UseDisregardForGCOnDedicatedServers:0]]
[2021.05.29-11.31.31:440][  0]LogConfig: Applying CVar settings from Section [/Script/Engine.NetworkSettings] File [C:/Users/sbirj/OneDrive/Documents/Unreal Projects/RealisticRendering/Saved/Config/Windows/Engine.ini]
[2021.05.29-11.31.31:440][  0]LogConfig: Applying CVar settings from Section [/Script/UnrealEd.CookerSettings] File [C:/Users/sbirj/OneDrive/Documents/Unreal Projects/RealisticRendering/Saved/Config/Windows/Engine.ini]
[2021.05.29-11.31.31:481][  0]LogConfig: Applying CVar settings from Section [ViewDistanceQuality@3] File [C:/Users/sbirj/OneDrive/Documents/Unreal Projects/RealisticRendering/Saved/Config/Windows/Scalability.ini]
[2021.05.29-11.31.31:481][  0]LogConfig: Setting CVar [[r.SkeletalMeshLODBias:0]]
[2021.05.29-11.31.31:481][  0]LogConfig: Setting CVar [[r.ViewDistanceScale:1.0]]
[2021.05.29-11.31.31:481][  0]LogConfig: Applying CVar settings from Section [AntiAliasingQuality@3] File [C:/Users/sbirj/OneDrive/Documents/Unreal Projects/RealisticRendering/Saved/Config/Windows/Scalability.ini]
[2021.05.29-11.31.31:482][  0]LogConfig: Setting CVar [[r.PostProcessAAQuality:4]]
[2021.05.29-11.31.31:482][  0]LogConfig: Applying CVar settings from Section [ShadowQuality@3] File [C:/Users/sbirj/OneDrive/Documents/Unreal Projects/RealisticRendering/Saved/Config/Windows/Scalability.ini]
[2021.05.29-11.31.31:482][  0]LogConfig: Setting CVar [[r.LightFunctionQuality:1]]
[2021.05.29-11.31.31:482][  0]LogConfig: Setting CVar [[r.ShadowQuality:5]]
[2021.05.29-11.31.31:482][  0]LogConfig: Setting CVar [[r.Shadow.CSM.MaxCascades:10]]
[2021.05.29-11.31.31:482][  0]LogConfig: Setting CVar [[r.Shadow.MaxResolution:2048]]
[2021.05.29-11.31.31:482][  0]LogConfig: Setting CVar [[r.Shadow.MaxCSMResolution:2048]]
[2021.05.29-11.31.31:482][  0]LogConfig: Setting CVar [[r.Shadow.RadiusThreshold:0.01]]
[2021.05.29-11.31.31:482][  0]LogConfig: Setting CVar [[r.Shadow.DistanceScale:1.0]]
[2021.05.29-11.31.31:482][  0]LogConfig: Setting CVar [[r.Shadow.CSM.TransitionScale:1.0]]
[2021.05.29-11.31.31:482][  0]LogConfig: Setting CVar [[r.Shadow.PreShadowResolutionFactor:1.0]]
[2021.05.29-11.31.31:482][  0]LogConfig: Setting CVar [[r.DistanceFieldShadowing:1]]
[2021.05.29-11.31.31:482][  0]LogConfig: Setting CVar [[r.DistanceFieldAO:1]]
[2021.05.29-11.31.31:482][  0]LogConfig: Setting CVar [[r.AOQuality:2]]
[2021.05.29-11.31.31:482][  0]LogConfig: Setting CVar [[r.VolumetricFog:1]]
[2021.05.29-11.31.31:482][  0]LogConfig: Setting CVar [[r.VolumetricFog.GridPixelSize:8]]
[2021.05.29-11.31.31:482][  0]LogConfig: Setting CVar [[r.VolumetricFog.GridSizeZ:128]]
[2021.05.29-11.31.31:482][  0]LogConfig: Setting CVar [[r.VolumetricFog.HistoryMissSupersampleCount:4]]
[2021.05.29-11.31.31:482][  0]LogConfig: Setting CVar [[r.LightMaxDrawDistanceScale:1]]
[2021.05.29-11.31.31:482][  0]LogConfig: Setting CVar [[r.CapsuleShadows:1]]
[2021.05.29-11.31.31:482][  0]LogConfig: Applying CVar settings from Section [PostProcessQuality@3] File [C:/Users/sbirj/OneDrive/Documents/Unreal Projects/RealisticRendering/Saved/Config/Windows/Scalability.ini]
[2021.05.29-11.31.31:482][  0]LogConfig: Setting CVar [[r.MotionBlurQuality:4]]
[2021.05.29-11.31.31:482][  0]LogConfig: Setting CVar [[r.AmbientOcclusionMipLevelFactor:0.4]]
[2021.05.29-11.31.31:482][  0]LogConfig: Setting CVar [[r.AmbientOcclusionMaxQuality:100]]
[2021.05.29-11.31.31:482][  0]LogConfig: Setting CVar [[r.AmbientOcclusionLevels:-1]]
[2021.05.29-11.31.31:482][  0]LogConfig: Setting CVar [[r.AmbientOcclusionRadiusScale:1.0]]
[2021.05.29-11.31.31:482][  0]LogConfig: Setting CVar [[r.DepthOfFieldQuality:2]]
[2021.05.29-11.31.31:482][  0]LogConfig: Setting CVar [[r.RenderTargetPoolMin:400]]
[2021.05.29-11.31.31:482][  0]LogConfig: Setting CVar [[r.LensFlareQuality:2]]
[2021.05.29-11.31.31:482][  0]LogConfig: Setting CVar [[r.SceneColorFringeQuality:1]]
[2021.05.29-11.31.31:482][  0]LogConfig: Setting CVar [[r.EyeAdaptationQuality:2]]
[2021.05.29-11.31.31:482][  0]LogConfig: Setting CVar [[r.BloomQuality:5]]
[2021.05.29-11.31.31:482][  0]LogConfig: Setting CVar [[r.FastBlurThreshold:100]]
[2021.05.29-11.31.31:482][  0]LogConfig: Setting CVar [[r.Upscale.Quality:3]]
[2021.05.29-11.31.31:482][  0]LogConfig: Setting CVar [[r.Tonemapper.GrainQuantization:1]]
[2021.05.29-11.31.31:482][  0]LogConfig: Setting CVar [[r.LightShaftQuality:1]]
[2021.05.29-11.31.31:482][  0]LogConfig: Setting CVar [[r.Filter.SizeScale:1]]
[2021.05.29-11.31.31:482][  0]LogConfig: Setting CVar [[r.Tonemapper.Quality:5]]
[2021.05.29-11.31.31:482][  0]LogConfig: Setting CVar [[r.DOF.Gather.AccumulatorQuality:1        ; higher gathering accumulator quality]]
[2021.05.29-11.31.31:482][  0]LogConfig: Setting CVar [[r.DOF.Gather.PostfilterMethod:1          ; Median3x3 postfilering method]]
[2021.05.29-11.31.31:482][  0]LogConfig: Setting CVar [[r.DOF.Gather.EnableBokehSettings:0       ; no bokeh simulation when gathering]]
[2021.05.29-11.31.31:482][  0]LogConfig: Setting CVar [[r.DOF.Gather.RingCount:4                 ; medium number of samples when gathering]]
[2021.05.29-11.31.31:482][  0]LogConfig: Setting CVar [[r.DOF.Scatter.ForegroundCompositing:1    ; additive foreground scattering]]
[2021.05.29-11.31.31:482][  0]LogConfig: Setting CVar [[r.DOF.Scatter.BackgroundCompositing:2    ; additive background scattering]]
[2021.05.29-11.31.31:482][  0]LogConfig: Setting CVar [[r.DOF.Scatter.EnableBokehSettings:1      ; bokeh simulation when scattering]]
[2021.05.29-11.31.31:482][  0]LogConfig: Setting CVar [[r.DOF.Scatter.MaxSpriteRatio:0.1         ; only a maximum of 10% of scattered bokeh]]
[2021.05.29-11.31.31:482][  0]LogConfig: Setting CVar [[r.DOF.Recombine.Quality:1                ; cheap slight out of focus]]
[2021.05.29-11.31.31:482][  0]LogConfig: Setting CVar [[r.DOF.Recombine.EnableBokehSettings:0    ; no bokeh simulation on slight out of focus]]
[2021.05.29-11.31.31:482][  0]LogConfig: Setting CVar [[r.DOF.TemporalAAQuality:1                ; more stable temporal accumulation]]
[2021.05.29-11.31.31:482][  0]LogConfig: Setting CVar [[r.DOF.Kernel.MaxForegroundRadius:0.025]]
[2021.05.29-11.31.31:482][  0]LogConfig: Setting CVar [[r.DOF.Kernel.MaxBackgroundRadius:0.025]]
[2021.05.29-11.31.31:482][  0]LogConfig: Applying CVar settings from Section [TextureQuality@3] File [C:/Users/sbirj/OneDrive/Documents/Unreal Projects/RealisticRendering/Saved/Config/Windows/Scalability.ini]
[2021.05.29-11.31.31:482][  0]LogConfig: Setting CVar [[r.Streaming.MipBias:0]]
[2021.05.29-11.31.31:482][  0]LogConfig: Setting CVar [[r.Streaming.AmortizeCPUToGPUCopy:0]]
[2021.05.29-11.31.31:482][  0]LogConfig: Setting CVar [[r.Streaming.MaxNumTexturesToStreamPerFrame:0]]
[2021.05.29-11.31.31:482][  0]LogConfig: Setting CVar [[r.Streaming.Boost:1]]
[2021.05.29-11.31.31:482][  0]LogConfig: Setting CVar [[r.MaxAnisotropy:8]]
[2021.05.29-11.31.31:482][  0]LogConfig: Setting CVar [[r.VT.MaxAnisotropy:8]]
[2021.05.29-11.31.31:482][  0]LogConfig: Setting CVar [[r.Streaming.LimitPoolSizeToVRAM:0]]
[2021.05.29-11.31.31:482][  0]LogConfig: Setting CVar [[r.Streaming.PoolSize:1000]]
[2021.05.29-11.31.31:482][  0]LogConfig: Setting CVar [[r.Streaming.MaxEffectiveScreenSize:0]]
[2021.05.29-11.31.31:482][  0]LogConfig: Applying CVar settings from Section [EffectsQuality@3] File [C:/Users/sbirj/OneDrive/Documents/Unreal Projects/RealisticRendering/Saved/Config/Windows/Scalability.ini]
[2021.05.29-11.31.31:482][  0]LogConfig: Setting CVar [[r.TranslucencyLightingVolumeDim:64]]
[2021.05.29-11.31.31:482][  0]LogConfig: Setting CVar [[r.RefractionQuality:2]]
[2021.05.29-11.31.31:482][  0]LogConfig: Setting CVar [[r.SSR.Quality:3]]
[2021.05.29-11.31.31:482][  0]LogConfig: Setting CVar [[r.SSR.HalfResSceneColor:0]]
[2021.05.29-11.31.31:482][  0]LogConfig: Setting CVar [[r.SceneColorFormat:4]]
[2021.05.29-11.31.31:482][  0]LogConfig: Setting CVar [[r.DetailMode:2]]
[2021.05.29-11.31.31:482][  0]LogConfig: Setting CVar [[r.TranslucencyVolumeBlur:1]]
[2021.05.29-11.31.31:482][  0]LogConfig: Setting CVar [[r.MaterialQualityLevel:1 ; High quality]]
[2021.05.29-11.31.31:482][  0]LogConfig: Setting CVar [[r.SSS.Scale:1]]
[2021.05.29-11.31.31:482][  0]LogConfig: Setting CVar [[r.SSS.SampleSet:2]]
[2021.05.29-11.31.31:482][  0]LogConfig: Setting CVar [[r.SSS.Quality:1]]
[2021.05.29-11.31.31:482][  0]LogConfig: Setting CVar [[r.SSS.HalfRes:1]]
[2021.05.29-11.31.31:482][  0]LogConfig: Setting CVar [[r.SSGI.Quality:3]]
[2021.05.29-11.31.31:482][  0]LogConfig: Setting CVar [[r.EmitterSpawnRateScale:1.0]]
[2021.05.29-11.31.31:482][  0]LogConfig: Setting CVar [[r.ParticleLightQuality:2]]
[2021.05.29-11.31.31:482][  0]LogConfig: Setting CVar [[r.SkyAtmosphere.AerialPerspectiveLUT.FastApplyOnOpaque:1 ; Always have FastSkyLUT 1 in this case to avoid wrong sky]]
[2021.05.29-11.31.31:482][  0]LogConfig: Setting CVar [[r.SkyAtmosphere.AerialPerspectiveLUT.SampleCountPerSlice:1]]
[2021.05.29-11.31.31:482][  0]LogConfig: Setting CVar [[r.SkyAtmosphere.AerialPerspectiveLUT.DepthResolution:16.0]]
[2021.05.29-11.31.31:482][  0]LogConfig: Setting CVar [[r.SkyAtmosphere.FastSkyLUT:1]]
[2021.05.29-11.31.31:482][  0]LogConfig: Setting CVar [[r.SkyAtmosphere.FastSkyLUT.SampleCountMin:4.0]]
[2021.05.29-11.31.31:482][  0]LogConfig: Setting CVar [[r.SkyAtmosphere.FastSkyLUT.SampleCountMax:32.0]]
[2021.05.29-11.31.31:482][  0]LogConfig: Setting CVar [[r.SkyAtmosphere.SampleCountMin:4.0]]
[2021.05.29-11.31.31:482][  0]LogConfig: Setting CVar [[r.SkyAtmosphere.SampleCountMax:32.0]]
[2021.05.29-11.31.31:482][  0]LogConfig: Setting CVar [[r.SkyAtmosphere.TransmittanceLUT.UseSmallFormat:0]]
[2021.05.29-11.31.31:482][  0]LogConfig: Setting CVar [[r.SkyAtmosphere.TransmittanceLUT.SampleCount:10.0]]
[2021.05.29-11.31.31:482][  0]LogConfig: Setting CVar [[r.SkyAtmosphere.MultiScatteringLUT.SampleCount:15.0]]
[2021.05.29-11.31.31:482][  0]LogConfig: Applying CVar settings from Section [FoliageQuality@3] File [C:/Users/sbirj/OneDrive/Documents/Unreal Projects/RealisticRendering/Saved/Config/Windows/Scalability.ini]
[2021.05.29-11.31.31:482][  0]LogConfig: Setting CVar [[foliage.DensityScale:1.0]]
[2021.05.29-11.31.31:482][  0]LogConfig: Setting CVar [[grass.DensityScale:1.0]]
[2021.05.29-11.31.31:482][  0]LogConfig: Applying CVar settings from Section [ShadingQuality@3] File [C:/Users/sbirj/OneDrive/Documents/Unreal Projects/RealisticRendering/Saved/Config/Windows/Scalability.ini]
[2021.05.29-11.31.31:482][  0]LogConfig: Setting CVar [[r.HairStrands.SkyLighting.SampleCount:16]]
[2021.05.29-11.31.31:482][  0]LogConfig: Setting CVar [[r.HairStrands.SkyLighting.JitterIntegration:0]]
[2021.05.29-11.31.31:482][  0]LogConfig: Setting CVar [[r.HairStrands.SkyAO.SampleCount:16]]
[2021.05.29-11.31.31:498][  0]LogInit: Selected Device Profile: [Windows]
[2021.05.29-11.31.31:498][  0]LogInit: Applying CVar settings loaded from the selected device profile: [Windows]
[2021.05.29-11.31.31:542][  0]LogHAL: Display: Platform has ~ 16 GB [17121693696 / 17179869184 / 16], which maps to Larger [LargestMinGB=32, LargerMinGB=12, DefaultMinGB=8, SmallerMinGB=6, SmallestMinGB=0)
[2021.05.29-11.31.31:542][  0]LogInit: Going up to parent DeviceProfile []
[2021.05.29-11.31.31:542][  0]LogConfig: Applying CVar settings from Section [ViewDistanceQuality@3] File [C:/Users/sbirj/OneDrive/Documents/Unreal Projects/RealisticRendering/Saved/Config/Windows/Scalability.ini]
[2021.05.29-11.31.31:542][  0]LogConfig: Setting CVar [[r.SkeletalMeshLODBias:0]]
[2021.05.29-11.31.31:542][  0]LogConfig: Setting CVar [[r.ViewDistanceScale:1.0]]
[2021.05.29-11.31.31:542][  0]LogConfig: Applying CVar settings from Section [AntiAliasingQuality@3] File [C:/Users/sbirj/OneDrive/Documents/Unreal Projects/RealisticRendering/Saved/Config/Windows/Scalability.ini]
[2021.05.29-11.31.31:542][  0]LogConfig: Setting CVar [[r.PostProcessAAQuality:4]]
[2021.05.29-11.31.31:542][  0]LogConfig: Applying CVar settings from Section [ShadowQuality@3] File [C:/Users/sbirj/OneDrive/Documents/Unreal Projects/RealisticRendering/Saved/Config/Windows/Scalability.ini]
[2021.05.29-11.31.31:542][  0]LogConfig: Setting CVar [[r.LightFunctionQuality:1]]
[2021.05.29-11.31.31:542][  0]LogConfig: Setting CVar [[r.ShadowQuality:5]]
[2021.05.29-11.31.31:542][  0]LogConfig: Setting CVar [[r.Shadow.CSM.MaxCascades:10]]
[2021.05.29-11.31.31:542][  0]LogConfig: Setting CVar [[r.Shadow.MaxResolution:2048]]
[2021.05.29-11.31.31:542][  0]LogConfig: Setting CVar [[r.Shadow.MaxCSMResolution:2048]]
[2021.05.29-11.31.31:542][  0]LogConfig: Setting CVar [[r.Shadow.RadiusThreshold:0.01]]
[2021.05.29-11.31.31:542][  0]LogConfig: Setting CVar [[r.Shadow.DistanceScale:1.0]]
[2021.05.29-11.31.31:542][  0]LogConfig: Setting CVar [[r.Shadow.CSM.TransitionScale:1.0]]
[2021.05.29-11.31.31:542][  0]LogConfig: Setting CVar [[r.Shadow.PreShadowResolutionFactor:1.0]]
[2021.05.29-11.31.31:542][  0]LogConfig: Setting CVar [[r.DistanceFieldShadowing:1]]
[2021.05.29-11.31.31:543][  0]LogConfig: Setting CVar [[r.DistanceFieldAO:1]]
[2021.05.29-11.31.31:543][  0]LogConfig: Setting CVar [[r.AOQuality:2]]
[2021.05.29-11.31.31:543][  0]LogConfig: Setting CVar [[r.VolumetricFog:1]]
[2021.05.29-11.31.31:543][  0]LogConfig: Setting CVar [[r.VolumetricFog.GridPixelSize:8]]
[2021.05.29-11.31.31:543][  0]LogConfig: Setting CVar [[r.VolumetricFog.GridSizeZ:128]]
[2021.05.29-11.31.31:543][  0]LogConfig: Setting CVar [[r.VolumetricFog.HistoryMissSupersampleCount:4]]
[2021.05.29-11.31.31:543][  0]LogConfig: Setting CVar [[r.LightMaxDrawDistanceScale:1]]
[2021.05.29-11.31.31:543][  0]LogConfig: Setting CVar [[r.CapsuleShadows:1]]
[2021.05.29-11.31.31:543][  0]LogConfig: Applying CVar settings from Section [PostProcessQuality@3] File [C:/Users/sbirj/OneDrive/Documents/Unreal Projects/RealisticRendering/Saved/Config/Windows/Scalability.ini]
[2021.05.29-11.31.31:543][  0]LogConfig: Setting CVar [[r.MotionBlurQuality:4]]
[2021.05.29-11.31.31:543][  0]LogConfig: Setting CVar [[r.AmbientOcclusionMipLevelFactor:0.4]]
[2021.05.29-11.31.31:543][  0]LogConfig: Setting CVar [[r.AmbientOcclusionMaxQuality:100]]
[2021.05.29-11.31.31:543][  0]LogConfig: Setting CVar [[r.AmbientOcclusionLevels:-1]]
[2021.05.29-11.31.31:543][  0]LogConfig: Setting CVar [[r.AmbientOcclusionRadiusScale:1.0]]
[2021.05.29-11.31.31:543][  0]LogConfig: Setting CVar [[r.DepthOfFieldQuality:2]]
[2021.05.29-11.31.31:543][  0]LogConfig: Setting CVar [[r.RenderTargetPoolMin:400]]
[2021.05.29-11.31.31:543][  0]LogConfig: Setting CVar [[r.LensFlareQuality:2]]
[2021.05.29-11.31.31:543][  0]LogConfig: Setting CVar [[r.SceneColorFringeQuality:1]]
[2021.05.29-11.31.31:543][  0]LogConfig: Setting CVar [[r.EyeAdaptationQuality:2]]
[2021.05.29-11.31.31:543][  0]LogConfig: Setting CVar [[r.BloomQuality:5]]
[2021.05.29-11.31.31:543][  0]LogConfig: Setting CVar [[r.FastBlurThreshold:100]]
[2021.05.29-11.31.31:543][  0]LogConfig: Setting CVar [[r.Upscale.Quality:3]]
[2021.05.29-11.31.31:543][  0]LogConfig: Setting CVar [[r.Tonemapper.GrainQuantization:1]]
[2021.05.29-11.31.31:543][  0]LogConfig: Setting CVar [[r.LightShaftQuality:1]]
[2021.05.29-11.31.31:543][  0]LogConfig: Setting CVar [[r.Filter.SizeScale:1]]
[2021.05.29-11.31.31:543][  0]LogConfig: Setting CVar [[r.Tonemapper.Quality:5]]
[2021.05.29-11.31.31:543][  0]LogConfig: Setting CVar [[r.DOF.Gather.AccumulatorQuality:1        ; higher gathering accumulator quality]]
[2021.05.29-11.31.31:543][  0]LogConfig: Setting CVar [[r.DOF.Gather.PostfilterMethod:1          ; Median3x3 postfilering method]]
[2021.05.29-11.31.31:543][  0]LogConfig: Setting CVar [[r.DOF.Gather.EnableBokehSettings:0       ; no bokeh simulation when gathering]]
[2021.05.29-11.31.31:543][  0]LogConfig: Setting CVar [[r.DOF.Gather.RingCount:4                 ; medium number of samples when gathering]]
[2021.05.29-11.31.31:543][  0]LogConfig: Setting CVar [[r.DOF.Scatter.ForegroundCompositing:1    ; additive foreground scattering]]
[2021.05.29-11.31.31:543][  0]LogConfig: Setting CVar [[r.DOF.Scatter.BackgroundCompositing:2    ; additive background scattering]]
[2021.05.29-11.31.31:543][  0]LogConfig: Setting CVar [[r.DOF.Scatter.EnableBokehSettings:1      ; bokeh simulation when scattering]]
[2021.05.29-11.31.31:543][  0]LogConfig: Setting CVar [[r.DOF.Scatter.MaxSpriteRatio:0.1         ; only a maximum of 10% of scattered bokeh]]
[2021.05.29-11.31.31:543][  0]LogConfig: Setting CVar [[r.DOF.Recombine.Quality:1                ; cheap slight out of focus]]
[2021.05.29-11.31.31:543][  0]LogConfig: Setting CVar [[r.DOF.Recombine.EnableBokehSettings:0    ; no bokeh simulation on slight out of focus]]
[2021.05.29-11.31.31:543][  0]LogConfig: Setting CVar [[r.DOF.TemporalAAQuality:1                ; more stable temporal accumulation]]
[2021.05.29-11.31.31:543][  0]LogConfig: Setting CVar [[r.DOF.Kernel.MaxForegroundRadius:0.025]]
[2021.05.29-11.31.31:543][  0]LogConfig: Setting CVar [[r.DOF.Kernel.MaxBackgroundRadius:0.025]]
[2021.05.29-11.31.31:543][  0]LogConfig: Applying CVar settings from Section [TextureQuality@3] File [C:/Users/sbirj/OneDrive/Documents/Unreal Projects/RealisticRendering/Saved/Config/Windows/Scalability.ini]
[2021.05.29-11.31.31:543][  0]LogConfig: Setting CVar [[r.Streaming.MipBias:0]]
[2021.05.29-11.31.31:543][  0]LogConfig: Setting CVar [[r.Streaming.AmortizeCPUToGPUCopy:0]]
[2021.05.29-11.31.31:543][  0]LogConfig: Setting CVar [[r.Streaming.MaxNumTexturesToStreamPerFrame:0]]
[2021.05.29-11.31.31:543][  0]LogConfig: Setting CVar [[r.Streaming.Boost:1]]
[2021.05.29-11.31.31:543][  0]LogConfig: Setting CVar [[r.MaxAnisotropy:8]]
[2021.05.29-11.31.31:543][  0]LogConfig: Setting CVar [[r.VT.MaxAnisotropy:8]]
[2021.05.29-11.31.31:543][  0]LogConfig: Setting CVar [[r.Streaming.LimitPoolSizeToVRAM:0]]
[2021.05.29-11.31.31:543][  0]LogConfig: Setting CVar [[r.Streaming.PoolSize:1000]]
[2021.05.29-11.31.31:543][  0]LogConfig: Setting CVar [[r.Streaming.MaxEffectiveScreenSize:0]]
[2021.05.29-11.31.31:543][  0]LogConfig: Applying CVar settings from Section [EffectsQuality@3] File [C:/Users/sbirj/OneDrive/Documents/Unreal Projects/RealisticRendering/Saved/Config/Windows/Scalability.ini]
[2021.05.29-11.31.31:543][  0]LogConfig: Setting CVar [[r.TranslucencyLightingVolumeDim:64]]
[2021.05.29-11.31.31:543][  0]LogConfig: Setting CVar [[r.RefractionQuality:2]]
[2021.05.29-11.31.31:543][  0]LogConfig: Setting CVar [[r.SSR.Quality:3]]
[2021.05.29-11.31.31:543][  0]LogConfig: Setting CVar [[r.SSR.HalfResSceneColor:0]]
[2021.05.29-11.31.31:543][  0]LogConfig: Setting CVar [[r.SceneColorFormat:4]]
[2021.05.29-11.31.31:543][  0]LogConfig: Setting CVar [[r.DetailMode:2]]
[2021.05.29-11.31.31:543][  0]LogConfig: Setting CVar [[r.TranslucencyVolumeBlur:1]]
[2021.05.29-11.31.31:543][  0]LogConfig: Setting CVar [[r.MaterialQualityLevel:1 ; High quality]]
[2021.05.29-11.31.31:543][  0]LogConfig: Setting CVar [[r.SSS.Scale:1]]
[2021.05.29-11.31.31:543][  0]LogConfig: Setting CVar [[r.SSS.SampleSet:2]]
[2021.05.29-11.31.31:543][  0]LogConfig: Setting CVar [[r.SSS.Quality:1]]
[2021.05.29-11.31.31:543][  0]LogConfig: Setting CVar [[r.SSS.HalfRes:1]]
[2021.05.29-11.31.31:543][  0]LogConfig: Setting CVar [[r.SSGI.Quality:3]]
[2021.05.29-11.31.31:543][  0]LogConfig: Setting CVar [[r.EmitterSpawnRateScale:1.0]]
[2021.05.29-11.31.31:543][  0]LogConfig: Setting CVar [[r.ParticleLightQuality:2]]
[2021.05.29-11.31.31:543][  0]LogConfig: Setting CVar [[r.SkyAtmosphere.AerialPerspectiveLUT.FastApplyOnOpaque:1 ; Always have FastSkyLUT 1 in this case to avoid wrong sky]]
[2021.05.29-11.31.31:543][  0]LogConfig: Setting CVar [[r.SkyAtmosphere.AerialPerspectiveLUT.SampleCountPerSlice:1]]
[2021.05.29-11.31.31:543][  0]LogConfig: Setting CVar [[r.SkyAtmosphere.AerialPerspectiveLUT.DepthResolution:16.0]]
[2021.05.29-11.31.31:543][  0]LogConfig: Setting CVar [[r.SkyAtmosphere.FastSkyLUT:1]]
[2021.05.29-11.31.31:543][  0]LogConfig: Setting CVar [[r.SkyAtmosphere.FastSkyLUT.SampleCountMin:4.0]]
[2021.05.29-11.31.31:543][  0]LogConfig: Setting CVar [[r.SkyAtmosphere.FastSkyLUT.SampleCountMax:32.0]]
[2021.05.29-11.31.31:543][  0]LogConfig: Setting CVar [[r.SkyAtmosphere.SampleCountMin:4.0]]
[2021.05.29-11.31.31:543][  0]LogConfig: Setting CVar [[r.SkyAtmosphere.SampleCountMax:32.0]]
[2021.05.29-11.31.31:543][  0]LogConfig: Setting CVar [[r.SkyAtmosphere.TransmittanceLUT.UseSmallFormat:0]]
[2021.05.29-11.31.31:543][  0]LogConfig: Setting CVar [[r.SkyAtmosphere.TransmittanceLUT.SampleCount:10.0]]
[2021.05.29-11.31.31:543][  0]LogConfig: Setting CVar [[r.SkyAtmosphere.MultiScatteringLUT.SampleCount:15.0]]
[2021.05.29-11.31.31:543][  0]LogConfig: Applying CVar settings from Section [FoliageQuality@3] File [C:/Users/sbirj/OneDrive/Documents/Unreal Projects/RealisticRendering/Saved/Config/Windows/Scalability.ini]
[2021.05.29-11.31.31:543][  0]LogConfig: Setting CVar [[foliage.DensityScale:1.0]]
[2021.05.29-11.31.31:543][  0]LogConfig: Setting CVar [[grass.DensityScale:1.0]]
[2021.05.29-11.31.31:543][  0]LogConfig: Applying CVar settings from Section [ShadingQuality@3] File [C:/Users/sbirj/OneDrive/Documents/Unreal Projects/RealisticRendering/Saved/Config/Windows/Scalability.ini]
[2021.05.29-11.31.31:543][  0]LogConfig: Setting CVar [[r.HairStrands.SkyLighting.SampleCount:16]]
[2021.05.29-11.31.31:543][  0]LogConfig: Setting CVar [[r.HairStrands.SkyLighting.JitterIntegration:0]]
[2021.05.29-11.31.31:543][  0]LogConfig: Setting CVar [[r.HairStrands.SkyAO.SampleCount:16]]
[2021.05.29-11.31.31:543][  0]LogConfig: Applying CVar settings from Section [Startup] File [../../../Engine/Config/ConsoleVariables.ini]
[2021.05.29-11.31.31:544][  0]LogConfig: Setting CVar [[net.UseAdaptiveNetUpdateFrequency:0]]
[2021.05.29-11.31.31:544][  0]LogConfig: Setting CVar [[p.chaos.AllowCreatePhysxBodies:1]]
[2021.05.29-11.31.31:544][  0]LogConfig: Applying CVar settings from Section [ConsoleVariables] File [C:/Users/sbirj/OneDrive/Documents/Unreal Projects/RealisticRendering/Saved/Config/Windows/Engine.ini]
[2021.05.29-11.31.31:581][  0]LogInit: Computer: DESKTOP-VVMHUJN
[2021.05.29-11.31.31:581][  0]LogInit: User: sbirj
[2021.05.29-11.31.31:581][  0]LogInit: CPU Page size=4096, Cores=6
[2021.05.29-11.31.31:581][  0]LogInit: High frequency timer resolution =10.000000 MHz
[2021.05.29-11.31.31:581][  0]LogMemory: Memory total: Physical=15.9GB (16GB approx)
[2021.05.29-11.31.31:581][  0]LogMemory: Platform Memory Stats for Windows
[2021.05.29-11.31.31:581][  0]LogMemory: Process Physical Memory: 105.82 MB used, 105.83 MB peak
[2021.05.29-11.31.31:581][  0]LogMemory: Process Virtual Memory: 101.06 MB used, 101.06 MB peak
[2021.05.29-11.31.31:581][  0]LogMemory: Physical Memory: 5795.13 MB used,  10533.39 MB free, 16328.52 MB total
[2021.05.29-11.31.31:581][  0]LogMemory: Virtual Memory: 5159.33 MB used,  134212568.00 MB free, 134217728.00 MB total
[2021.05.29-11.31.31:611][  0]LogWindows: WindowsPlatformFeatures enabled
[2021.05.29-11.31.32:487][  0]LogInit: Using OS detected language (ru-RU).
[2021.05.29-11.31.32:487][  0]LogInit: Using OS detected locale (ru-RU).
[2021.05.29-11.31.32:575][  0]LogTextLocalizationManager: No specific localization for 'ru-RU' exists, so the 'ru' localization will be used.
[2021.05.29-11.31.32:576][  0]LogTextLocalizationResource: LocRes '../../../Engine/Content/Localization/Editor/ru/Editor.locres' could not be opened for reading!
[2021.05.29-11.31.32:576][  0]LogTextLocalizationResource: LocRes '../../../Engine/Content/Localization/EditorTutorials/ru/EditorTutorials.locres' could not be opened for reading!
[2021.05.29-11.31.32:576][  0]LogTextLocalizationResource: LocRes '../../../Engine/Content/Localization/Keywords/ru/Keywords.locres' could not be opened for reading!
[2021.05.29-11.31.32:576][  0]LogTextLocalizationResource: LocRes '../../../Engine/Content/Localization/Category/ru/Category.locres' could not be opened for reading!
[2021.05.29-11.31.32:588][  0]LogTextLocalizationResource: LocRes '../../../Engine/Content/Localization/ToolTips/ru/ToolTips.locres' could not be opened for reading!
[2021.05.29-11.31.32:592][  0]LogTextLocalizationResource: LocRes '../../../Engine/Content/Localization/PropertyNames/ru/PropertyNames.locres' could not be opened for reading!
[2021.05.29-11.31.32:592][  0]LogTextLocalizationResource: LocRes '../../../Engine/Content/Localization/Engine/ru/Engine.locres' could not be opened for reading!
[2021.05.29-11.31.32:681][  0]LogInit: Setting process to per monitor DPI aware
[2021.05.29-11.31.33:499][  0]LogSlate: New Slate User Created.  User Index 0, Is Virtual User: 0
[2021.05.29-11.31.33:499][  0]LogSlate: Slate User Registered.  User Index 0, Is Virtual User: 0
[2021.05.29-11.31.34:080][  0]LogD3D11RHI: D3D11 min allowed feature level: 11_0
[2021.05.29-11.31.34:080][  0]LogD3D11RHI: D3D11 max allowed feature level: 11_0
[2021.05.29-11.31.34:080][  0]LogD3D11RHI: D3D11 adapters:
[2021.05.29-11.31.34:124][  0]LogD3D11RHI:    0. 'Radeon RX 580 Series' (Feature Level 11_0)
[2021.05.29-11.31.34:125][  0]LogD3D11RHI:       8171/0/8164 MB DedicatedVideo/DedicatedSystem/SharedSystem, Outputs:1, VendorId:0x1002
[2021.05.29-11.31.34:126][  0]LogD3D11RHI:    1. 'Microsoft Basic Render Driver' (Feature Level 11_0)
[2021.05.29-11.31.34:126][  0]LogD3D11RHI:       0/0/8164 MB DedicatedVideo/DedicatedSystem/SharedSystem, Outputs:0, VendorId:0x1414
[2021.05.29-11.31.34:126][  0]LogD3D11RHI: Chosen D3D11 Adapter: 0
[2021.05.29-11.31.34:169][  0]LogD3D11RHI: Creating new Direct3DDevice
[2021.05.29-11.31.34:187][  0]LogD3D11RHI:     GPU DeviceId: 0x67df (for the marketing name, search the web for "GPU Device Id")
[2021.05.29-11.31.34:187][  0]LogWindows: EnumDisplayDevices:
[2021.05.29-11.31.34:188][  0]LogWindows:    0. 'Radeon RX 580 Series' (P:1 D:1)
[2021.05.29-11.31.34:188][  0]LogWindows:    1. 'Radeon RX 580 Series' (P:0 D:0)
[2021.05.29-11.31.34:188][  0]LogWindows:    2. 'Radeon RX 580 Series' (P:0 D:0)
[2021.05.29-11.31.34:188][  0]LogWindows:    3. 'Radeon RX 580 Series' (P:0 D:0)
[2021.05.29-11.31.34:189][  0]LogWindows:    4. 'Radeon RX 580 Series' (P:0 D:0)
[2021.05.29-11.31.34:189][  0]LogWindows:    5. 'Radeon RX 580 Series' (P:0 D:0)
[2021.05.29-11.31.34:189][  0]LogWindows:    6. 'Radeon RX 580 Series' (P:0 D:0)
[2021.05.29-11.31.34:189][  0]LogWindows:    7. 'Radeon RX 580 Series' (P:0 D:0)
[2021.05.29-11.31.34:189][  0]LogWindows: DebugString: FoundDriverCount:8 
[2021.05.29-11.31.34:189][  0]LogD3D11RHI:     Adapter Name: Radeon RX 580 Series
[2021.05.29-11.31.34:189][  0]LogD3D11RHI:   Driver Version: Adrenalin 2020 21.5.1 (internal:27.20.21003.1028, unified:27.20.21003.1028)
[2021.05.29-11.31.34:189][  0]LogD3D11RHI:      Driver Date: 4-30-2021
[2021.05.29-11.31.34:189][  0]LogRHI: Texture pool is 5720 MB (70% of 8171 MB)
[2021.05.29-11.31.34:248][  0]LogD3D11RHI: RHI does not have support for 64 bit atomics
[2021.05.29-11.31.34:249][  0]LogD3D11RHI: Async texture creation enabled
[2021.05.29-11.31.34:456][  0]LogD3D11RHI: GPU Timing Frequency: 25.000000 (Debug: 2 1)
[2021.05.29-11.31.35:042][  0]LogTargetPlatformManager: Display: Loaded TargetPlatform 'AllDesktop'
[2021.05.29-11.31.35:109][  0]LogTargetPlatformManager: Display: Loaded TargetPlatform 'Android'
[2021.05.29-11.31.35:109][  0]LogTargetPlatformManager: Display: Loaded TargetPlatform 'Android_ASTC'
[2021.05.29-11.31.35:109][  0]LogTargetPlatformManager: Display: Loaded TargetPlatform 'Android_ATC'
[2021.05.29-11.31.35:109][  0]LogTargetPlatformManager: Display: Loaded TargetPlatform 'Android_DXT'
[2021.05.29-11.31.35:109][  0]LogTargetPlatformManager: Display: Loaded TargetPlatform 'Android_ETC1'
[2021.05.29-11.31.35:109][  0]LogTargetPlatformManager: Display: Loaded TargetPlatform 'Android_ETC1a'
[2021.05.29-11.31.35:109][  0]LogTargetPlatformManager: Display: Loaded TargetPlatform 'Android_ETC2'
[2021.05.29-11.31.35:109][  0]LogTargetPlatformManager: Display: Loaded TargetPlatform 'Android_PVRTC'
[2021.05.29-11.31.35:110][  0]LogTargetPlatformManager: Display: Loaded TargetPlatform 'AndroidClient'
[2021.05.29-11.31.35:110][  0]LogTargetPlatformManager: Display: Loaded TargetPlatform 'Android_ASTCClient'
[2021.05.29-11.31.35:110][  0]LogTargetPlatformManager: Display: Loaded TargetPlatform 'Android_ATCClient'
[2021.05.29-11.31.35:110][  0]LogTargetPlatformManager: Display: Loaded TargetPlatform 'Android_DXTClient'
[2021.05.29-11.31.35:110][  0]LogTargetPlatformManager: Display: Loaded TargetPlatform 'Android_ETC1Client'
[2021.05.29-11.31.35:110][  0]LogTargetPlatformManager: Display: Loaded TargetPlatform 'Android_ETC1aClient'
[2021.05.29-11.31.35:110][  0]LogTargetPlatformManager: Display: Loaded TargetPlatform 'Android_ETC2Client'
[2021.05.29-11.31.35:110][  0]LogTargetPlatformManager: Display: Loaded TargetPlatform 'Android_PVRTCClient'
[2021.05.29-11.31.35:110][  0]LogTargetPlatformManager: Display: Loaded TargetPlatform 'Android_Multi'
[2021.05.29-11.31.35:110][  0]LogTargetPlatformManager: Display: Loaded TargetPlatform 'Android_MultiClient'
[2021.05.29-11.31.35:180][  0]LogTargetPlatformManager: Display: Loaded TargetPlatform 'IOSClient'
[2021.05.29-11.31.35:180][  0]LogTargetPlatformManager: Display: Loaded TargetPlatform 'IOS'
[2021.05.29-11.31.35:235][  0]LogTargetPlatformManager: Display: Loaded TargetPlatform 'LinuxNoEditor'
[2021.05.29-11.31.35:250][  0]LogTargetPlatformManager: Display: Loaded TargetPlatform 'LinuxClient'
[2021.05.29-11.31.35:258][  0]LogTargetPlatformManager: Display: Loaded TargetPlatform 'LinuxServer'
[2021.05.29-11.31.35:272][  0]LogTargetPlatformManager: Display: Loaded TargetPlatform 'LinuxAArch64NoEditor'
[2021.05.29-11.31.35:304][  0]LogTargetPlatformManager: Display: Loaded TargetPlatform 'LinuxAArch64Client'
[2021.05.29-11.31.35:311][  0]LogTargetPlatformManager: Display: Loaded TargetPlatform 'LinuxAArch64Server'
[2021.05.29-11.31.35:342][  0]LogTargetPlatformManager: Display: Loaded TargetPlatform 'Lumin'
[2021.05.29-11.31.35:342][  0]LogTargetPlatformManager: Display: Loaded TargetPlatform 'LuminClient'
[2021.05.29-11.31.35:376][  0]LogTargetPlatformManager: Display: Loaded TargetPlatform 'TVOSClient'
[2021.05.29-11.31.35:376][  0]LogTargetPlatformManager: Display: Loaded TargetPlatform 'TVOS'
[2021.05.29-11.31.35:406][  0]LogTargetPlatformManager: Display: Loaded TargetPlatform 'WindowsNoEditor'
[2021.05.29-11.31.35:421][  0]LogTargetPlatformManager: Display: Loaded TargetPlatform 'Windows'
[2021.05.29-11.31.35:442][  0]LogTargetPlatformManager: Display: Loaded TargetPlatform 'WindowsClient'
[2021.05.29-11.31.35:464][  0]LogTargetPlatformManager: Display: Loaded TargetPlatform 'WindowsServer'
[2021.05.29-11.31.35:464][  0]LogTargetPlatformManager: Display: Building Assets For Windows
[2021.05.29-11.31.35:604][  0]LogAudioDebug: Display: Lib vorbis DLL was dynamically loaded.
[2021.05.29-11.31.36:110][  0]LogShaderCompilers: Guid format shader working directory is -22 characters bigger than the processId version (C:/Users/sbirj/OneDrive/Documents/Unreal Projects/RealisticRendering/Intermediate/Shaders/WorkingDirectory/2632/).
[2021.05.29-11.31.36:110][  0]LogShaderCompilers: Cleaned the shader compiler working directory 'C:/Users/sbirj/AppData/Local/Temp/UnrealShaderWorkingDir/21727A3E4EA8A692CC80CAA480AB03FD/'.
[2021.05.29-11.31.36:139][  0]LogXGEController: Cleaning working directory: C:/Users/sbirj/AppData/Local/Temp/UnrealXGEWorkingDir/
[2021.05.29-11.31.36:139][  0]LogXGEController: Cannot use XGE Controller as Incredibuild is not installed on this machine.
[2021.05.29-11.31.36:139][  0]LogShaderCompilers: Cannot use XGE Shader Compiler as Incredibuild is not installed on this machine.
[2021.05.29-11.31.36:139][  0]LogShaderCompilers: Display: Using Local Shader Compiler.
[2021.05.29-11.31.37:731][  0]LogDerivedDataCache: Display: Max Cache Size: 512 MB
[2021.05.29-11.31.37:908][  0]LogDerivedDataCache: Loaded boot cache 0.18s 78MB C:/Users/sbirj/AppData/Local/UnrealEngine/4.24/DerivedDataCache/Boot.ddc.
[2021.05.29-11.31.37:908][  0]LogDerivedDataCache: Display: Loaded Boot cache: C:/Users/sbirj/AppData/Local/UnrealEngine/4.24/DerivedDataCache/Boot.ddc
[2021.05.29-11.31.37:908][  0]LogDerivedDataCache: FDerivedDataBackendGraph:  Pak pak cache file C:/Users/sbirj/OneDrive/Documents/Unreal Projects/RealisticRendering/DerivedDataCache/DDC.ddp not found, will not use a pak cache.
[2021.05.29-11.31.37:908][  0]LogDerivedDataCache: Unable to find inner node Pak for hierarchical cache Hierarchy.
[2021.05.29-11.31.37:911][  0]LogDerivedDataCache: Display: Pak cache opened for reading C:/Users/sbirj/OneDrive/Documents/Unreal Projects/RealisticRendering/DerivedDataCache/Compressed.ddp.
[2021.05.29-11.31.37:988][  0]LogDerivedDataCache: Display: Pak cache opened for reading ../../../Engine/DerivedDataCache/Compressed.ddp.
[2021.05.29-11.31.37:988][  0]LogDerivedDataCache: FDerivedDataBackendGraph:  EnterprisePak pak cache file ../../../Enterprise/DerivedDataCache/Compressed.ddp not found, will not use a pak cache.
[2021.05.29-11.31.37:988][  0]LogDerivedDataCache: Unable to find inner node EnterprisePak for hierarchical cache Hierarchy.
[2021.05.29-11.31.37:989][  0]LogDerivedDataCache: Using Local data cache path C:/Users/sbirj/AppData/Local/UnrealEngine/Common/DerivedDataCache: Writable
[2021.05.29-11.31.37:989][  0]LogDerivedDataCache: Shared data cache path not found in *engine.ini, will not use an Shared cache.
[2021.05.29-11.31.37:989][  0]LogDerivedDataCache: Unable to find inner node Shared for hierarchical cache Hierarchy.
[2021.05.29-11.31.38:063][  0]LogMaterial: Verifying Global Shaders for PCD3D_SM5
[2021.05.29-11.31.38:194][  0]LogSlate: Using FreeType 2.10.0
[2021.05.29-11.31.38:342][  0]LogSlate: SlateFontServices - WITH_FREETYPE: 1, WITH_HARFBUZZ: 1
[2021.05.29-11.31.39:360][  0]LogAssetRegistry: FAssetRegistry took 0.0260 seconds to start up
[2021.05.29-11.31.45:971][  0]LogInit: Selected Device Profile: [Windows]
[2021.05.29-11.31.47:299][  0]LogMeshReduction: Using QuadricMeshReduction for automatic static mesh reduction
[2021.05.29-11.31.47:299][  0]LogMeshReduction: Using SimplygonMeshReduction for automatic skeletal mesh reduction
[2021.05.29-11.31.47:299][  0]LogMeshReduction: Using ProxyLODMeshReduction for automatic mesh merging
[2021.05.29-11.31.47:299][  0]LogMeshReduction: No distributed automatic mesh merging module available
[2021.05.29-11.31.47:299][  0]LogMeshMerging: No distributed automatic mesh merging module available
[2021.05.29-11.31.47:593][  0]LogNetVersion: RealisticRendering 1.0.0, NetCL: 10570792, EngineNetVer: 13, GameNetVer: 0 (Checksum: 4096069751)
[2021.05.29-11.31.55:524][  0]LogPackageLocalizationCache: Processed 9 localized package path(s) for 1 prioritized culture(s) in 0.033853 seconds
[2021.05.29-11.31.55:574][  0]LogUObjectArray: 46288 objects as part of root set at end of initial load.
[2021.05.29-11.31.55:574][  0]LogUObjectAllocator: 8062376 out of 0 bytes used by permanent object pool.
[2021.05.29-11.31.55:574][  0]LogUObjectArray: CloseDisregardForGC: 0/0 objects in disregard for GC pool
[2021.05.29-11.31.59:139][  0]LogTcpMessaging: Initializing TcpMessaging bridge
[2021.05.29-11.31.59:206][  0]LogUdpMessaging: Initializing bridge on interface 0.0.0.0:0 to multicast group 230.0.0.1:6666.
[2021.05.29-11.31.59:667][  0]SourceControl: Source control is disabled
[2021.05.29-11.31.59:686][  0]SourceControl: Source control is disabled
[2021.05.29-11.31.59:802][  0]SourceControl: Source control is disabled
[2021.05.29-11.31.59:830][  0]SourceControl: Source control is disabled
[2021.05.29-11.31.59:859][  0]SourceControl: Source control is disabled
[2021.05.29-11.32.00:709][  0]LogAndroidPermission: UAndroidPermissionCallbackProxy::GetInstance
[2021.05.29-11.32.00:827][  0]LogAudioCaptureCore: Display: No Audio Capture implementations found. Audio input will be silent.
[2021.05.29-11.32.00:827][  0]LogAudioCaptureCore: Display: No Audio Capture implementations found. Audio input will be silent.
[2021.05.29-11.32.01:244][  0]LogOcInput: OculusInput pre-init called
[2021.05.29-11.32.01:282][  0]LogWindows: Failed to load 'OVRPlugin.dll' (GetLastError=126)
[2021.05.29-11.32.01:282][  0]LogWindows: File 'OVRPlugin.dll' does not exist
[2021.05.29-11.32.02:444][  0]LogEngine: Initializing Engine...
[2021.05.29-11.32.02:522][  0]LogStats: UGameplayTagsManager::InitializeManager -  0.024 s
[2021.05.29-11.32.03:101][  0]LogInit: Initializing FReadOnlyCVARCache
[2021.05.29-11.32.03:519][  0]LogAIModule: Creating AISystem for world Untitled
[2021.05.29-11.32.03:664][  0]LogAudioMixer: Display: Audio Mixer Platform Settings:
[2021.05.29-11.32.03:664][  0]LogAudioMixer: Display: 	Sample Rate:						  48000
[2021.05.29-11.32.03:664][  0]LogAudioMixer: Display: 	Callback Buffer Frame Size Requested: 1024
[2021.05.29-11.32.03:664][  0]LogAudioMixer: Display: 	Callback Buffer Frame Size To Use:	  1024
[2021.05.29-11.32.03:664][  0]LogAudioMixer: Display: 	Number of buffers to queue:			  2
[2021.05.29-11.32.03:664][  0]LogAudioMixer: Display: 	Max Channels (voices):				  32
[2021.05.29-11.32.03:664][  0]LogAudioMixer: Display: 	Number of Async Source Workers:		  0
[2021.05.29-11.32.03:664][  0]LogAudio: Display: AudioDevice MaxSources: 32
[2021.05.29-11.32.03:670][  0]LogAudio: Display: Using built-in audio occlusion.
[2021.05.29-11.32.03:670][  0]LogAudioMixer: Display: Initializing audio mixer.
[2021.05.29-11.32.03:731][  0]LogAudioMixer: Display: Audio Device Output Speaker Info:
[2021.05.29-11.32.03:731][  0]LogAudioMixer: Display: Name: Realtek HD Audio 2nd output (3- Realtek(R) Audio)
[2021.05.29-11.32.03:731][  0]LogAudioMixer: Display: Is Default: Yes
[2021.05.29-11.32.03:731][  0]LogAudioMixer: Display: Sample Rate: 48000
[2021.05.29-11.32.03:731][  0]LogAudioMixer: Display: Channel Count Used: 2
[2021.05.29-11.32.03:731][  0]LogAudioMixer: Display: Device Channel Count: 2
[2021.05.29-11.32.03:731][  0]LogAudioMixer: Display: Channel Order:
[2021.05.29-11.32.03:731][  0]LogAudioMixer: Display: 0: FrontLeft
[2021.05.29-11.32.03:731][  0]LogAudioMixer: Display: 1: FrontRight
[2021.05.29-11.32.03:747][  0]LogAudioMixer: Display: Using Audio Device Realtek HD Audio 2nd output (3- Realtek(R) Audio)
[2021.05.29-11.32.03:759][  0]LogInit: FAudioDevice initialized.
[2021.05.29-11.32.03:759][  0]LogNetVersion: Set ProjectVersion to 1.0.0.0. Version Checksum will be recalculated on next use.
[2021.05.29-11.32.03:837][  0]LogDerivedDataCache: Saved boot cache 0.08s 78MB C:/Users/sbirj/AppData/Local/UnrealEngine/4.24/DerivedDataCache/Boot.ddc.
[2021.05.29-11.32.03:837][  0]LogInit: Texture streaming: Enabled
[2021.05.29-11.32.03:977][  0]LogEngineSessionManager: EngineSessionManager initialized
[2021.05.29-11.32.03:977][  0]LogEditorSessionSummary: Verbose: Initializing EditorSessionSummaryWriter for editor session tracking
[2021.05.29-11.32.03:978][  0]LogEditorSessionSummary: EditorSessionSummaryWriter initialized
[2021.05.29-11.32.04:285][  0]LogInit: Transaction tracking system initialized
[2021.05.29-11.32.04:603][  0]BlueprintLog: New page: Editor Load
[2021.05.29-11.32.05:666][  0]LocalizationService: Localization service is disabled
[2021.05.29-11.32.08:942][  0]LogFileCache: Scanning file cache for directory 'C:/Users/sbirj/OneDrive/Documents/Unreal Projects/RealisticRendering/Content/' took 0.00s
[2021.05.29-11.32.08:942][  0]LogCook: Display: Max memory allowance for cook 16384mb min free memory 0mb
[2021.05.29-11.32.08:942][  0]LogCook: Display: Mobile HDR setting 1
[2021.05.29-11.32.10:935][  0]SourceControl: Source control is disabled
[2021.05.29-11.32.10:947][  0]Cmd: MAP LOAD FILE="C:/Users/sbirj/OneDrive/Documents/Unreal Projects/RealisticRendering/Content/Maps/Room.umap" TEMPLATE=0 SHOWPROGRESS=1 FEATURELEVEL=3
[2021.05.29-11.32.10:952][  0]LightingResults: New page: Lighting Build
[2021.05.29-11.32.11:062][  0]LogWorld: UWorld::CleanupWorld for Untitled, bSessionEnded=true, bCleanupResources=true
[2021.05.29-11.32.11:097][  0]LogSlate: InvalidateAllWidgets triggered.  All widgets were invalidated
[2021.05.29-11.32.11:101][  0]MapCheck: New page: Map Check
[2021.05.29-11.32.11:101][  0]LightingResults: New page: Lighting Build
[2021.05.29-11.32.11:328][  0]LogUObjectHash: Compacting FUObjectHashTables data took   1.52ms
[2021.05.29-11.32.11:587][  0]LogProperty: Error: UStructProperty::Serialize Loading: Property 'StructProperty /Game/Blueprints/UI/CaptureImage.CaptureImage_C:Couch'. Unknown structure.
[2021.05.29-11.32.11:588][  0]LogClass: Warning: Property Couch of Couch has a struct type mismatch (tag STRUCT_REINST_CouchStruct_8 != prop FallbackStruct) in package:  C:/Users/sbirj/OneDrive/Documents/Unreal Projects/RealisticRendering/Content/Blueprints/UI/CaptureImage.uasset. If that struct got renamed, add an entry to ActiveStructRedirects.
[2021.05.29-11.32.11:620][  0]LogClass: Warning: Property Couch of Couch has a struct type mismatch (tag FallbackStruct != prop CouchStruct) in package:  FObjectReader. If that struct got renamed, add an entry to ActiveStructRedirects.
[2021.05.29-11.32.13:325][  0]LogAIModule: Creating AISystem for world Room
[2021.05.29-11.32.13:809][  0]LogEditorServer: Finished looking for orphan Actors (0.000 secs)
[2021.05.29-11.32.13:944][  0]LogUObjectHash: Compacting FUObjectHashTables data took   1.96ms
[2021.05.29-11.32.13:945][  0]Cmd: MAP CHECKDEP NOCLEARLOG
[2021.05.29-11.32.13:959][  0]MapCheck: Map check complete: 0 Error(s), 0 Warning(s), took 13,97ms to complete.
[2021.05.29-11.32.13:959][  0]LogFileHelpers: Loading map 'Room' took 3.013
[2021.05.29-11.32.15:594][  0]LogSlate: Updating window title bar state: overlay mode, drag disabled, window buttons hidden, title bar hidden
[2021.05.29-11.32.15:616][  0]LogSlate: Updating window title bar state: overlay mode, drag disabled, window buttons hidden, title bar hidden
[2021.05.29-11.32.15:620][  0]LogSlate: Updating window title bar state: overlay mode, drag disabled, window buttons hidden, title bar hidden
[2021.05.29-11.32.15:625][  0]LogSlate: Updating window title bar state: overlay mode, drag disabled, window buttons hidden, title bar hidden
[2021.05.29-11.32.15:690][  0]LogCollectionManager: Loaded 0 collections in 0.000832 seconds
[2021.05.29-11.32.15:779][  0]LogFileCache: Scanning file cache for directory 'C:/Users/sbirj/OneDrive/Documents/Unreal Projects/RealisticRendering/Saved/Collections/' took 0.00s
[2021.05.29-11.32.15:779][  0]LogFileCache: Scanning file cache for directory 'C:/Users/sbirj/OneDrive/Documents/Unreal Projects/RealisticRendering/Content/Developers/sbirj/Collections/' took 0.00s
[2021.05.29-11.32.15:779][  0]LogFileCache: Scanning file cache for directory 'C:/Users/sbirj/OneDrive/Documents/Unreal Projects/RealisticRendering/Content/Collections/' took 0.00s
[2021.05.29-11.32.15:779][  0]LogContentBrowser: Native class hierarchy populated in 0.0072 seconds. Added 3009 classes and 710 folders.
[2021.05.29-11.32.15:858][  0]LogContentBrowser: Native class hierarchy updated for 'WidgetCarousel' in 0.0002 seconds. Added 0 classes and 0 folders.
[2021.05.29-11.32.16:441][  0]LogContentBrowser: Native class hierarchy updated for 'AddContentDialog' in 0.0002 seconds. Added 0 classes and 0 folders.
[2021.05.29-11.32.16:505][  0]LogContentBrowser: Native class hierarchy updated for 'SceneOutliner' in 0.0002 seconds. Added 2 classes and 3 folders.
[2021.05.29-11.32.17:467][  0]LogSlate: Took 0.056041 seconds to synchronously load lazily loaded font '../../../Engine/Content/Slate/Fonts/Roboto-Regular.ttf' (155K)
[2021.05.29-11.32.17:516][  0]LogSlate: Took 0.029740 seconds to synchronously load lazily loaded font '../../../Engine/Content/Slate/Fonts/Roboto-Bold.ttf' (160K)
[2021.05.29-11.32.17:545][  0]LogSlate: Took 0.006662 seconds to synchronously load lazily loaded font '../../../Engine/Content/Editor/Slate/Fonts/FontAwesome.ttf' (139K)
[2021.05.29-11.32.17:610][  0]LogSlate: Took 0.008939 seconds to synchronously load lazily loaded font '../../../Engine/Content/Slate/Fonts/DroidSansMono.ttf' (77K)
[2021.05.29-11.32.18:041][  0]LogRenderer: Reallocating scene render targets to support 1616x764 Format 10 NumSamples 1 (Frame:1).
[2021.05.29-11.32.18:589][  0]LogContentBrowser: Native class hierarchy updated for 'HierarchicalLODOutliner' in 0.0002 seconds. Added 0 classes and 0 folders.
[2021.05.29-11.32.18:589][  0]LogLoad: (Engine Initialization) Total time: 67.50 seconds
[2021.05.29-11.32.18:589][  0]LogLoad: (Engine Initialization) Total Blueprint compile time: 0.00 seconds
[2021.05.29-11.32.18:791][  0]LogContentStreaming: Texture pool size now 1000 MB
[2021.05.29-11.32.19:508][  8]LogAssetRegistry: Asset discovery search completed in 40.1489 seconds
[2021.05.29-11.32.19:527][  8]LogCollectionManager: Fixed up redirectors for 0 collections in 0.000005 seconds (updated 0 objects)
[2021.05.29-11.43.22:625][958]LogWindowsTextInputMethodSystem: Display: IME system now deactivated.
[2021.05.29-11.43.22:625][958]LogWindowsTextInputMethodSystem: Display: IME system now deactivated.
[2021.05.29-11.51.02:967][269]LogWindowsTextInputMethodSystem: Display: IME system now deactivated.
[2021.05.29-11.51.02:967][269]LogWindowsTextInputMethodSystem: Display: IME system now deactivated.
[2021.05.29-11.51.50:026][612]LogWindowsTextInputMethodSystem: Display: IME system now deactivated.
[2021.05.29-11.51.50:026][612]LogWindowsTextInputMethodSystem: Display: IME system now deactivated.
[2021.05.29-11.53.44:067][136]LogSlate: Took 0.026296 seconds to synchronously load lazily loaded font '../../../Engine/Content/Slate/Fonts/Roboto-Light.ttf' (167K)
[2021.05.29-11.53.53:129][163]LogUObjectHash: Compacting FUObjectHashTables data took   1.41ms
[2021.05.29-11.53.53:563][163]LogSavePackage: Moving 'C:/Users/sbirj/OneDrive/Documents/Unreal Projects/RealisticRendering/Saved/Room_Auto15F63A4474BE9B1CFD98532835CEEE589.tmp' to 'C:/Users/sbirj/OneDrive/Documents/Unreal Projects/RealisticRendering/Saved/Autosaves/Game/Maps/Room_Auto1.umap'
[2021.05.29-11.53.53:582][163]LogFileHelpers: Editor autosave (incl. sublevels) for '/Game/Maps/Room' took 0.476
[2021.05.29-11.53.53:582][163]LogFileHelpers: Editor autosave (incl. sublevels) for all levels took 0.476
[2021.05.29-11.55.00:235][363]LogWindowsTextInputMethodSystem: Display: IME system now deactivated.
[2021.05.29-11.55.00:235][363]LogWindowsTextInputMethodSystem: Display: IME system now deactivated.
[2021.05.29-11.56.03:547][682]LogWindowsTextInputMethodSystem: Display: IME system now deactivated.
[2021.05.29-11.56.03:547][682]LogWindowsTextInputMethodSystem: Display: IME system now deactivated.
[2021.05.29-12.00.58:797][812]LogWindowsTextInputMethodSystem: Display: IME system now deactivated.
[2021.05.29-12.00.58:797][812]LogWindowsTextInputMethodSystem: Display: IME system now deactivated.
[2021.05.29-12.01.12:444][790]LogUObjectHash: Compacting FUObjectHashTables data took   1.89ms
[2021.05.29-12.01.13:895][790]LogSlate: Window 'Delete Assets' being destroyed
[2021.05.29-12.01.13:980][790]LogUObjectHash: Compacting FUObjectHashTables data took   1.74ms
[2021.05.29-12.01.14:011][790]LogUObjectHash: Compacting FUObjectHashTables data took   1.47ms
[2021.05.29-12.01.14:033][790]LogUObjectHash: Compacting FUObjectHashTables data took   0.68ms
[2021.05.29-12.01.14:839][854]LogAssetEditorSubsystem: Opening Asset editor for Blueprint /Game/Blueprints/FPS_Character.FPS_Character
[2021.05.29-12.01.15:165][854]LogContentBrowser: Native class hierarchy updated for 'BlueprintGraph' in 0.0005 seconds. Added 121 classes and 0 folders.
[2021.05.29-12.01.16:510][854]LogSlate: Took 0.009595 seconds to synchronously load lazily loaded font '../../../Engine/Content/Slate/Fonts/Roboto-BoldCondensed.ttf' (158K)
[2021.05.29-12.01.16:756][855]LogSlate: Took 0.023748 seconds to synchronously load lazily loaded font '../../../Engine/Content/Slate/Fonts/Roboto-Italic.ttf' (157K)
[2021.05.29-12.01.26:623][692]LogEditorViewport: Clicking on Actor (LMB): FloorLamp_C (FloorLamp2)
[2021.05.29-12.01.40:543][ 44]LogEditorViewport: Clicking on Actor (LMB): StaticMeshActor (SM_Vase22)
[2021.05.29-12.01.41:192][107]LogEditorViewport: Clicking on Actor (CTRL LMB): StaticMeshActor (SM_Vase23)
[2021.05.29-12.01.41:983][180]LogEditorViewport: Clicking on Actor (CTRL LMB): StaticMeshActor (SM_Vase19)
[2021.05.29-12.01.42:320][209]LogEditorViewport: Clicking on Actor (CTRL LMB): StaticMeshActor (SM_Vase20)
[2021.05.29-12.01.47:578][692]LogEditorViewport: Clicking on Actor (LMB): StaticMeshActor (SM_CoffeeTable16)
[2021.05.29-12.01.51:235][  3]LogEditorViewport: Clicking on Actor (CTRL LMB): StaticMeshActor (BookLP7)
[2021.05.29-12.01.52:514][108]LogEditorViewport: Clicking on Actor (CTRL LMB): StaticMeshActor (Mug24)
[2021.05.29-12.01.52:965][143]LogEditorViewport: Clicking on Actor (CTRL LMB): StaticMeshActor (SM_Bowl29)
[2021.05.29-12.01.53:506][188]LogEditorViewport: Clicking on Actor (CTRL LMB): StaticMeshActor (SM_CoffeeTable16)
[2021.05.29-12.01.54:102][237]LogEditorViewport: Clicking on Actor (CTRL LMB): StaticMeshActor (SM_Vase32)
[2021.05.29-12.01.54:566][274]LogEditorViewport: Clicking on Actor (CTRL LMB): StaticMeshActor (SM_Vase33)
[2021.05.29-12.01.55:098][317]LogEditorViewport: Clicking on Actor (CTRL LMB): StaticMeshActor (Mug32)
[2021.05.29-12.02.08:616][527]LogEditorViewport: Clicking on Actor (LMB): StaticMeshActor (BookLP7)
[2021.05.29-12.02.17:031][143]LogEditorViewport: Clicking on Actor (LMB): StaticMeshActor (SM_CoffeeTable16)
[2021.05.29-12.02.17:765][209]LogEditorViewport: Clicking on Actor (CTRL LMB): StaticMeshActor (BookLP7)
[2021.05.29-12.02.18:326][255]LogEditorViewport: Clicking on Actor (CTRL LMB): StaticMeshActor (Mug24)
[2021.05.29-12.02.18:759][289]LogEditorViewport: Clicking on Actor (CTRL LMB): StaticMeshActor (SM_Bowl29)
[2021.05.29-12.02.19:414][343]LogEditorViewport: Clicking on Actor (CTRL LMB): StaticMeshActor (SM_Vase32)
[2021.05.29-12.02.20:018][393]LogEditorViewport: Clicking on Actor (CTRL LMB): StaticMeshActor (SM_Vase33)
[2021.05.29-12.02.20:525][435]LogEditorViewport: Clicking on Actor (CTRL LMB): StaticMeshActor (Mug32)
[2021.05.29-12.02.27:094][984]LogEditorViewport: Clicking on Actor (LMB): StaticMeshActor (EditorPlane29)
[2021.05.29-12.02.31:128][260]LogEditorViewport: Clicking on Actor (LMB): StaticMeshActor (SM_CoffeeTable16)
[2021.05.29-12.02.36:079][614]LogEditorViewport: Clicking on Actor (LMB): StaticMeshActor (EditorPlane25)
[2021.05.29-12.02.41:365][981]LogEditorViewport: Clicking on Actor (LMB): StaticMeshActor (EditorPlane34)
[2021.05.29-12.02.44:909][224]LogEditorViewport: Clicking on Actor (LMB): StaticMeshActor (SM_CoffeeTable16)
[2021.05.29-12.02.49:629][578]LogEditorViewport: Clicking on Actor (LMB): StaticMeshActor (SM_Vase32)
[2021.05.29-12.03.29:749][244]Cmd: OBJ SAVEPACKAGE PACKAGE="/Game/Maps/Room" FILE="C:/Users/sbirj/OneDrive/Documents/Unreal Projects/RealisticRendering/Content/Maps/Room.umap" SILENT=true AUTOSAVING=false KEEPDIRTY=false
[2021.05.29-12.03.29:778][244]LogUObjectHash: Compacting FUObjectHashTables data took   2.94ms
[2021.05.29-12.03.30:071][244]LogSavePackage: Moving 'C:/Users/sbirj/OneDrive/Documents/Unreal Projects/RealisticRendering/Saved/RoomEB05F4294D8DA1D631944DA0217A36E9.tmp' to 'C:/Users/sbirj/OneDrive/Documents/Unreal Projects/RealisticRendering/Content/Maps/Room.umap'
[2021.05.29-12.03.30:085][244]Cmd: OBJ SAVEPACKAGE PACKAGE="/Game/Maps/Room_BuiltData" FILE="C:/Users/sbirj/OneDrive/Documents/Unreal Projects/RealisticRendering/Content/Maps/Room_BuiltData.uasset" SILENT=true
[2021.05.29-12.03.30:477][244]LogSavePackage: Moving 'C:/Users/sbirj/OneDrive/Documents/Unreal Projects/RealisticRendering/Saved/Room_BuiltData9E9762294D931596AC6C6A97F6687283.tmp' to 'C:/Users/sbirj/OneDrive/Documents/Unreal Projects/RealisticRendering/Content/Maps/Room_BuiltData.uasset'
[2021.05.29-12.03.30:489][244]AssetCheck: New page: Asset Save: multiple assets
[2021.05.29-12.03.30:490][244]LogContentValidation: Display: Validating World /Game/Maps/Room.Room
[2021.05.29-12.03.30:490][244]LogContentValidation: Display: Validating MapBuildDataRegistry /Game/Maps/Room_BuiltData.Room_BuiltData
[2021.05.29-12.03.31:690][347]LogEditorViewport: Clicking on Actor (LMB): StaticMeshActor (SM_CoffeeTable16)
[2021.05.29-12.03.34:295][580]LogTemp: Repeating last play command: Selected Viewport
[2021.05.29-12.03.34:326][580]LogBlueprintUserMessages: Early PlayInEditor Detection: Level '/Game/Maps/Room.Room:PersistentLevel' has LevelScriptBlueprint '/Game/Maps/Room.Room:PersistentLevel.Room' with GeneratedClass '/Game/Maps/Room.Room_C' with ClassGeneratedBy '/Game/Maps/Room.Room:PersistentLevel.Room'
[2021.05.29-12.03.34:326][580]LogPlayLevel: PlayLevel: No blueprints needed recompiling
[2021.05.29-12.03.34:359][580]PIE: New page: PIE session: Room (29 мая 2021 г., 18:03:34)
[2021.05.29-12.03.34:412][580]LogOnline: OSS: Creating online subsystem instance for: NULL
[2021.05.29-12.03.34:413][580]LogOnline: OSS: TryLoadSubsystemAndSetDefault: Loaded subsystem for module [NULL]
[2021.05.29-12.03.34:413][580]LogPlayLevel: Creating play world package: /Game/Maps/UEDPIE_0_Room
[2021.05.29-12.03.34:451][580]LogPlayLevel: PIE: StaticDuplicateObject took: (0.038275s)
[2021.05.29-12.03.34:452][580]LogAIModule: Creating AISystem for world Room
[2021.05.29-12.03.34:453][580]LogPlayLevel: PIE: World Init took: (0.001271s)
[2021.05.29-12.03.34:453][580]LogPlayLevel: PIE: Created PIE world by copying editor world from /Game/Maps/Room.Room to /Game/Maps/UEDPIE_0_Room.Room (0.040007s)
[2021.05.29-12.03.34:480][580]LogUObjectHash: Compacting FUObjectHashTables data took   2.78ms
[2021.05.29-12.03.34:481][580]LogAudioMixer: Display: Audio Mixer Platform Settings:
[2021.05.29-12.03.34:481][580]LogAudioMixer: Display: 	Sample Rate:						  48000
[2021.05.29-12.03.34:481][580]LogAudioMixer: Display: 	Callback Buffer Frame Size Requested: 1024
[2021.05.29-12.03.34:481][580]LogAudioMixer: Display: 	Callback Buffer Frame Size To Use:	  1024
[2021.05.29-12.03.34:481][580]LogAudioMixer: Display: 	Number of buffers to queue:			  2
[2021.05.29-12.03.34:481][580]LogAudioMixer: Display: 	Max Channels (voices):				  32
[2021.05.29-12.03.34:481][580]LogAudioMixer: Display: 	Number of Async Source Workers:		  0
[2021.05.29-12.03.34:481][580]LogAudio: Display: AudioDevice MaxSources: 32
[2021.05.29-12.03.34:482][580]LogAudio: Display: Using built-in audio occlusion.
[2021.05.29-12.03.34:482][580]LogAudioMixer: Display: Initializing audio mixer.
[2021.05.29-12.03.34:505][580]LogAudioMixer: Display: Audio Device Output Speaker Info:
[2021.05.29-12.03.34:505][580]LogAudioMixer: Display: Name: Realtek HD Audio 2nd output (3- Realtek(R) Audio)
[2021.05.29-12.03.34:505][580]LogAudioMixer: Display: Is Default: Yes
[2021.05.29-12.03.34:505][580]LogAudioMixer: Display: Sample Rate: 48000
[2021.05.29-12.03.34:505][580]LogAudioMixer: Display: Channel Count Used: 2
[2021.05.29-12.03.34:505][580]LogAudioMixer: Display: Device Channel Count: 2
[2021.05.29-12.03.34:505][580]LogAudioMixer: Display: Channel Order:
[2021.05.29-12.03.34:505][580]LogAudioMixer: Display: 0: FrontLeft
[2021.05.29-12.03.34:505][580]LogAudioMixer: Display: 1: FrontRight
[2021.05.29-12.03.34:516][580]LogAudioMixer: Display: Using Audio Device Realtek HD Audio 2nd output (3- Realtek(R) Audio)
[2021.05.29-12.03.34:517][580]LogInit: FAudioDevice initialized.
[2021.05.29-12.03.34:531][580]LogLoad: Game class is 'MyGame_C'
[2021.05.29-12.03.34:572][580]LogWorld: Bringing World /Game/Maps/UEDPIE_0_Room.Room up for play (max tick rate 0) at 2021.05.29-15.03.34
[2021.05.29-12.03.34:596][580]LogWorld: Bringing up level for play took: 0.027925
[2021.05.29-12.03.34:596][580]LogOnline: OSS: Creating online subsystem instance for: :Context_5
[2021.05.29-12.03.34:712][580]LogContentBrowser: Native class hierarchy updated for 'MovieSceneCapture' in 0.0003 seconds. Added 20 classes and 0 folders.
[2021.05.29-12.03.34:712][580]LogGameMode: Display: Match State Changed from EnteringMap to WaitingToStart
[2021.05.29-12.03.34:712][580]LogGameState: Match State Changed from EnteringMap to WaitingToStart
[2021.05.29-12.03.34:712][580]LogGameMode: Display: Match State Changed from WaitingToStart to InProgress
[2021.05.29-12.03.34:776][580]LogGameState: Match State Changed from WaitingToStart to InProgress
[2021.05.29-12.03.34:776][580]PIE: Play in editor start time for /Game/Maps/UEDPIE_0_Room -0,13
[2021.05.29-12.03.34:776][580]LogBlueprintUserMessages: Late PlayInEditor Detection: Level '/Game/Maps/Room.Room:PersistentLevel' has LevelScriptBlueprint '/Game/Maps/Room.Room:PersistentLevel.Room' with GeneratedClass '/Game/Maps/Room.Room_C' with ClassGeneratedBy '/Game/Maps/Room.Room:PersistentLevel.Room'
[2021.05.29-12.03.59:156][985]LogAudioMixer: Display: No commands were queued while flushing the source manager.
[2021.05.29-12.03.59:156][985]LogAudioMixer: Display: No commands were queued while flushing the source manager.
[2021.05.29-12.03.59:156][985]LogBlueprintUserMessages: Early EndPlayMap Detection: Level '/Game/Maps/Room.Room:PersistentLevel' has LevelScriptBlueprint '/Game/Maps/Room.Room:PersistentLevel.Room' with GeneratedClass '/Game/Maps/Room.Room_C' with ClassGeneratedBy '/Game/Maps/Room.Room:PersistentLevel.Room'
[2021.05.29-12.03.59:156][985]LogSlate: Updating window title bar state: overlay mode, drag disabled, window buttons hidden, title bar hidden
[2021.05.29-12.03.59:156][985]LogWorld: BeginTearingDown for /Game/Maps/UEDPIE_0_Room
[2021.05.29-12.03.59:156][985]LogAudioMixer: Display: No commands were queued while flushing the source manager.
[2021.05.29-12.03.59:170][985]LogWorld: UWorld::CleanupWorld for Room, bSessionEnded=true, bCleanupResources=true
[2021.05.29-12.03.59:170][985]LogSlate: InvalidateAllWidgets triggered.  All widgets were invalidated
[2021.05.29-12.03.59:184][985]LogPlayLevel: Display: Shutting down PIE online subsystems
[2021.05.29-12.03.59:184][985]LogBlueprintUserMessages: Late EndPlayMap Detection: Level '/Game/Maps/Room.Room:PersistentLevel' has LevelScriptBlueprint '/Game/Maps/Room.Room:PersistentLevel.Room' with GeneratedClass '/Game/Maps/Room.Room_C' with ClassGeneratedBy '/Game/Maps/Room.Room:PersistentLevel.Room'
[2021.05.29-12.03.59:189][985]LogSlate: InvalidateAllWidgets triggered.  All widgets were invalidated
[2021.05.29-12.03.59:215][985]LogAudioMixer: Display: No commands were queued while flushing the source manager.
[2021.05.29-12.03.59:217][985]LogSlate: Updating window title bar state: overlay mode, drag disabled, window buttons hidden, title bar hidden
[2021.05.29-12.03.59:246][985]LogUObjectHash: Compacting FUObjectHashTables data took   3.69ms
[2021.05.29-12.03.59:287][986]LogPlayLevel: Display: Destroying online subsystem :Context_5
[2021.05.29-12.04.00:258][ 72]LogEditorViewport: Clicking on Actor (LMB): StaticMeshActor (EditorPlane25)
[2021.05.29-12.04.04:312][387]LogEditorViewport: Clicking on Actor (LMB): StaticMeshActor (SM_CoffeeTable16)
[2021.05.29-12.04.21:038][804]LogWindowsTextInputMethodSystem: Display: IME system now deactivated.
[2021.05.29-12.04.21:039][804]LogWindowsTextInputMethodSystem: Display: IME system now deactivated.
[2021.05.29-12.07.19:235][809]LogSlate: Window 'FPS_Character' being destroyed
[2021.05.29-12.10.20:762][460]Cmd: DELETE
[2021.05.29-12.10.20:763][460]Cmd: ACTOR DELETE
[2021.05.29-12.10.20:888][460]LogEditorActor: Deleted Actor: StaticMeshActor
[2021.05.29-12.10.20:889][460]LogEditorActor: Deleted Actor: StaticMeshActor
[2021.05.29-12.10.20:889][460]LogEditorActor: Deleted Actor: StaticMeshActor
[2021.05.29-12.10.20:889][460]LogEditorActor: Deleted Actor: StaticMeshActor
[2021.05.29-12.10.20:890][460]LogEditorActor: Deleted Actor: StaticMeshActor
[2021.05.29-12.10.20:890][460]LogEditorActor: Deleted Actor: StaticMeshActor
[2021.05.29-12.10.20:890][460]LogEditorActor: Deleted Actor: StaticMeshActor
[2021.05.29-12.10.20:891][460]LogEditorActor: Deleted Actor: StaticMeshActor
[2021.05.29-12.10.20:891][460]LogEditorActor: Deleted Actor: StaticMeshActor
[2021.05.29-12.10.20:926][460]LogUObjectHash: Compacting FUObjectHashTables data took   2.98ms
[2021.05.29-12.10.20:930][460]LogEditorActor: Deleted 9 Actors (0.079 secs)
[2021.05.29-12.10.29:603][194]LogEditorViewport: Clicking on Actor (LMB): StaticMeshActor (SM_CoffeeTable16)
[2021.05.29-12.10.30:321][251]LogEditorViewport: Clicking on Actor (LMB): StaticMeshActor (SM_Bowl29)
[2021.05.29-12.12.12:803][400]LogEditorViewport: Clicking on Component (context menu): StaticMeshComponent (StaticMeshComponent0)
[2021.05.29-12.12.17:509][725]LogAssetEditorSubsystem: Opening Asset editor for StaticMesh /Game/ArchVis/Mesh/SM_Bowl.SM_Bowl
[2021.05.29-12.12.18:567][726]LogRenderer: Reallocating scene render targets to support 1912x1280 Format 10 NumSamples 1 (Frame:1).
[2021.05.29-12.14.08:553][446]BlueprintLog: New page: Compile FPS_Character
[2021.05.29-12.14.08:885][446]LogUObjectHash: Compacting FUObjectHashTables data took   4.84ms
[2021.05.29-12.14.09:814][530]LogTemp: Repeating last play command: Selected Viewport
[2021.05.29-12.14.09:826][530]LogBlueprintUserMessages: Early PlayInEditor Detection: Level '/Game/Maps/Room.Room:PersistentLevel' has LevelScriptBlueprint '/Game/Maps/Room.Room:PersistentLevel.Room' with GeneratedClass '/Game/Maps/Room.Room_C' with ClassGeneratedBy '/Game/Maps/Room.Room:PersistentLevel.Room'
[2021.05.29-12.14.09:826][530]LogPlayLevel: PlayLevel: No blueprints needed recompiling
[2021.05.29-12.14.09:826][530]PIE: New page: PIE session: Room (29 мая 2021 г., 18:14:09)
[2021.05.29-12.14.09:826][530]LogPlayLevel: Creating play world package: /Game/Maps/UEDPIE_0_Room
[2021.05.29-12.14.09:849][530]LogPlayLevel: PIE: StaticDuplicateObject took: (0.023057s)
[2021.05.29-12.14.09:850][530]LogAIModule: Creating AISystem for world Room
[2021.05.29-12.14.09:850][530]LogPlayLevel: PIE: World Init took: (0.000961s)
[2021.05.29-12.14.09:850][530]LogPlayLevel: PIE: Created PIE world by copying editor world from /Game/Maps/Room.Room to /Game/Maps/UEDPIE_0_Room.Room (0.024210s)
[2021.05.29-12.14.09:910][530]LogUObjectHash: Compacting FUObjectHashTables data took   3.88ms
[2021.05.29-12.14.09:910][530]LogAudioMixer: Display: Audio Mixer Platform Settings:
[2021.05.29-12.14.09:910][530]LogAudioMixer: Display: 	Sample Rate:						  48000
[2021.05.29-12.14.09:910][530]LogAudioMixer: Display: 	Callback Buffer Frame Size Requested: 1024
[2021.05.29-12.14.09:910][530]LogAudioMixer: Display: 	Callback Buffer Frame Size To Use:	  1024
[2021.05.29-12.14.09:910][530]LogAudioMixer: Display: 	Number of buffers to queue:			  2
[2021.05.29-12.14.09:911][530]LogAudioMixer: Display: 	Max Channels (voices):				  32
[2021.05.29-12.14.09:911][530]LogAudioMixer: Display: 	Number of Async Source Workers:		  0
[2021.05.29-12.14.09:911][530]LogAudio: Display: AudioDevice MaxSources: 32
[2021.05.29-12.14.09:911][530]LogAudio: Display: Using built-in audio occlusion.
[2021.05.29-12.14.09:911][530]LogAudioMixer: Display: Initializing audio mixer.
[2021.05.29-12.14.09:934][530]LogAudioMixer: Display: Audio Device Output Speaker Info:
[2021.05.29-12.14.09:934][530]LogAudioMixer: Display: Name: Realtek HD Audio 2nd output (3- Realtek(R) Audio)
[2021.05.29-12.14.09:934][530]LogAudioMixer: Display: Is Default: Yes
[2021.05.29-12.14.09:934][530]LogAudioMixer: Display: Sample Rate: 48000
[2021.05.29-12.14.09:934][530]LogAudioMixer: Display: Channel Count Used: 2
[2021.05.29-12.14.09:934][530]LogAudioMixer: Display: Device Channel Count: 2
[2021.05.29-12.14.09:934][530]LogAudioMixer: Display: Channel Order:
[2021.05.29-12.14.09:934][530]LogAudioMixer: Display: 0: FrontLeft
[2021.05.29-12.14.09:934][530]LogAudioMixer: Display: 1: FrontRight
[2021.05.29-12.14.09:945][530]LogAudioMixer: Display: Using Audio Device Realtek HD Audio 2nd output (3- Realtek(R) Audio)
[2021.05.29-12.14.09:946][530]LogInit: FAudioDevice initialized.
[2021.05.29-12.14.09:968][530]LogSlate: Updating window title bar state: overlay mode, drag disabled, window buttons hidden, title bar hidden
[2021.05.29-12.14.09:969][530]LogLoad: Game class is 'MyGame_C'
[2021.05.29-12.14.09:974][530]LogWorld: Bringing World /Game/Maps/UEDPIE_0_Room.Room up for play (max tick rate 0) at 2021.05.29-15.14.09
[2021.05.29-12.14.09:974][530]LogWorld: Bringing up level for play took: 0.004998
[2021.05.29-12.14.09:974][530]LogOnline: OSS: Creating online subsystem instance for: :Context_7
[2021.05.29-12.14.09:975][530]LogGameMode: Display: Match State Changed from EnteringMap to WaitingToStart
[2021.05.29-12.14.09:975][530]LogGameState: Match State Changed from EnteringMap to WaitingToStart
[2021.05.29-12.14.09:975][530]LogGameMode: Display: Match State Changed from WaitingToStart to InProgress
[2021.05.29-12.14.09:976][530]LogGameState: Match State Changed from WaitingToStart to InProgress
[2021.05.29-12.14.09:977][530]PIE: Play in editor start time for /Game/Maps/UEDPIE_0_Room 1,072
[2021.05.29-12.14.09:978][530]LogBlueprintUserMessages: Late PlayInEditor Detection: Level '/Game/Maps/Room.Room:PersistentLevel' has LevelScriptBlueprint '/Game/Maps/Room.Room:PersistentLevel.Room' with GeneratedClass '/Game/Maps/Room.Room_C' with ClassGeneratedBy '/Game/Maps/Room.Room:PersistentLevel.Room'
[2021.05.29-12.14.44:855][170]LogAudioMixer: Display: No commands were queued while flushing the source manager.
[2021.05.29-12.14.44:855][170]LogAudioMixer: Display: No commands were queued while flushing the source manager.
[2021.05.29-12.14.44:855][170]LogBlueprintUserMessages: Early EndPlayMap Detection: Level '/Game/Maps/Room.Room:PersistentLevel' has LevelScriptBlueprint '/Game/Maps/Room.Room:PersistentLevel.Room' with GeneratedClass '/Game/Maps/Room.Room_C' with ClassGeneratedBy '/Game/Maps/Room.Room:PersistentLevel.Room'
[2021.05.29-12.14.44:855][170]LogSlate: Updating window title bar state: overlay mode, drag disabled, window buttons hidden, title bar hidden
[2021.05.29-12.14.44:855][170]LogWorld: BeginTearingDown for /Game/Maps/UEDPIE_0_Room
[2021.05.29-12.14.44:861][170]LogSlate: Window 'RealisticRendering Game Preview Standalone (64-bit/PCD3D_SM5)' being destroyed
[2021.05.29-12.14.44:869][170]LogAudioMixer: Display: No commands were queued while flushing the source manager.
[2021.05.29-12.14.44:869][170]LogWorld: UWorld::CleanupWorld for Room, bSessionEnded=true, bCleanupResources=true
[2021.05.29-12.14.44:870][170]LogSlate: InvalidateAllWidgets triggered.  All widgets were invalidated
[2021.05.29-12.14.44:877][170]LogPlayLevel: Display: Shutting down PIE online subsystems
[2021.05.29-12.14.44:877][170]LogBlueprintUserMessages: Late EndPlayMap Detection: Level '/Game/Maps/Room.Room:PersistentLevel' has LevelScriptBlueprint '/Game/Maps/Room.Room:PersistentLevel.Room' with GeneratedClass '/Game/Maps/Room.Room_C' with ClassGeneratedBy '/Game/Maps/Room.Room:PersistentLevel.Room'
[2021.05.29-12.14.44:882][170]LogSlate: InvalidateAllWidgets triggered.  All widgets were invalidated
[2021.05.29-12.14.44:908][170]LogAudioMixer: Display: No commands were queued while flushing the source manager.
[2021.05.29-12.14.44:915][170]LogUObjectHash: Compacting FUObjectHashTables data took   3.07ms
[2021.05.29-12.14.44:959][174]LogPlayLevel: Display: Destroying online subsystem :Context_7
[2021.05.29-12.14.49:014][466]LogAssetEditorSubsystem: Opening Asset editor for Blueprint /Game/Blueprints/Lights/FloorLamp.FloorLamp
[2021.05.29-12.15.07:085][297]BlueprintLog: New page: Compile FloorLamp
[2021.05.29-12.15.07:345][297]LogUObjectHash: Compacting FUObjectHashTables data took   3.33ms
[2021.05.29-12.15.08:127][363]LogTemp: Repeating last play command: Selected Viewport
[2021.05.29-12.15.08:139][363]LogBlueprintUserMessages: Early PlayInEditor Detection: Level '/Game/Maps/Room.Room:PersistentLevel' has LevelScriptBlueprint '/Game/Maps/Room.Room:PersistentLevel.Room' with GeneratedClass '/Game/Maps/Room.Room_C' with ClassGeneratedBy '/Game/Maps/Room.Room:PersistentLevel.Room'
[2021.05.29-12.15.08:139][363]LogPlayLevel: PlayLevel: No blueprints needed recompiling
[2021.05.29-12.15.08:139][363]PIE: New page: PIE session: Room (29 мая 2021 г., 18:15:08)
[2021.05.29-12.15.08:139][363]LogPlayLevel: Creating play world package: /Game/Maps/UEDPIE_0_Room
[2021.05.29-12.15.08:162][363]LogPlayLevel: PIE: StaticDuplicateObject took: (0.023141s)
[2021.05.29-12.15.08:163][363]LogAIModule: Creating AISystem for world Room
[2021.05.29-12.15.08:163][363]LogPlayLevel: PIE: World Init took: (0.000930s)
[2021.05.29-12.15.08:163][363]LogPlayLevel: PIE: Created PIE world by copying editor world from /Game/Maps/Room.Room to /Game/Maps/UEDPIE_0_Room.Room (0.024247s)
[2021.05.29-12.15.08:195][363]LogUObjectHash: Compacting FUObjectHashTables data took   3.82ms
[2021.05.29-12.15.08:195][363]LogAudioMixer: Display: Audio Mixer Platform Settings:
[2021.05.29-12.15.08:195][363]LogAudioMixer: Display: 	Sample Rate:						  48000
[2021.05.29-12.15.08:195][363]LogAudioMixer: Display: 	Callback Buffer Frame Size Requested: 1024
[2021.05.29-12.15.08:195][363]LogAudioMixer: Display: 	Callback Buffer Frame Size To Use:	  1024
[2021.05.29-12.15.08:195][363]LogAudioMixer: Display: 	Number of buffers to queue:			  2
[2021.05.29-12.15.08:195][363]LogAudioMixer: Display: 	Max Channels (voices):				  32
[2021.05.29-12.15.08:195][363]LogAudioMixer: Display: 	Number of Async Source Workers:		  0
[2021.05.29-12.15.08:195][363]LogAudio: Display: AudioDevice MaxSources: 32
[2021.05.29-12.15.08:196][363]LogAudio: Display: Using built-in audio occlusion.
[2021.05.29-12.15.08:196][363]LogAudioMixer: Display: Initializing audio mixer.
[2021.05.29-12.15.08:218][363]LogAudioMixer: Display: Audio Device Output Speaker Info:
[2021.05.29-12.15.08:219][363]LogAudioMixer: Display: Name: Realtek HD Audio 2nd output (3- Realtek(R) Audio)
[2021.05.29-12.15.08:219][363]LogAudioMixer: Display: Is Default: Yes
[2021.05.29-12.15.08:219][363]LogAudioMixer: Display: Sample Rate: 48000
[2021.05.29-12.15.08:219][363]LogAudioMixer: Display: Channel Count Used: 2
[2021.05.29-12.15.08:219][363]LogAudioMixer: Display: Device Channel Count: 2
[2021.05.29-12.15.08:219][363]LogAudioMixer: Display: Channel Order:
[2021.05.29-12.15.08:219][363]LogAudioMixer: Display: 0: FrontLeft
[2021.05.29-12.15.08:219][363]LogAudioMixer: Display: 1: FrontRight
[2021.05.29-12.15.08:229][363]LogAudioMixer: Display: Using Audio Device Realtek HD Audio 2nd output (3- Realtek(R) Audio)
[2021.05.29-12.15.08:230][363]LogInit: FAudioDevice initialized.
[2021.05.29-12.15.08:259][363]LogSlate: Updating window title bar state: overlay mode, drag disabled, window buttons hidden, title bar hidden
[2021.05.29-12.15.08:259][363]LogLoad: Game class is 'MyGame_C'
[2021.05.29-12.15.08:264][363]LogWorld: Bringing World /Game/Maps/UEDPIE_0_Room.Room up for play (max tick rate 0) at 2021.05.29-15.15.08
[2021.05.29-12.15.08:265][363]LogWorld: Bringing up level for play took: 0.005047
[2021.05.29-12.15.08:265][363]LogOnline: OSS: Creating online subsystem instance for: :Context_10
[2021.05.29-12.15.08:267][363]LogGameMode: Display: Match State Changed from EnteringMap to WaitingToStart
[2021.05.29-12.15.08:267][363]LogGameState: Match State Changed from EnteringMap to WaitingToStart
[2021.05.29-12.15.08:267][363]LogGameMode: Display: Match State Changed from WaitingToStart to InProgress
[2021.05.29-12.15.08:267][363]LogGameState: Match State Changed from WaitingToStart to InProgress
[2021.05.29-12.15.08:268][363]PIE: Play in editor start time for /Game/Maps/UEDPIE_0_Room -0,638
[2021.05.29-12.15.08:268][363]LogBlueprintUserMessages: Late PlayInEditor Detection: Level '/Game/Maps/Room.Room:PersistentLevel' has LevelScriptBlueprint '/Game/Maps/Room.Room:PersistentLevel.Room' with GeneratedClass '/Game/Maps/Room.Room_C' with ClassGeneratedBy '/Game/Maps/Room.Room:PersistentLevel.Room'
[2021.05.29-12.15.26:049][241]LogAudioMixer: Display: No commands were queued while flushing the source manager.
[2021.05.29-12.15.26:049][241]LogAudioMixer: Display: No commands were queued while flushing the source manager.
[2021.05.29-12.15.26:049][241]LogBlueprintUserMessages: Early EndPlayMap Detection: Level '/Game/Maps/Room.Room:PersistentLevel' has LevelScriptBlueprint '/Game/Maps/Room.Room:PersistentLevel.Room' with GeneratedClass '/Game/Maps/Room.Room_C' with ClassGeneratedBy '/Game/Maps/Room.Room:PersistentLevel.Room'
[2021.05.29-12.15.26:050][241]LogSlate: Updating window title bar state: overlay mode, drag disabled, window buttons hidden, title bar hidden
[2021.05.29-12.15.26:050][241]LogWorld: BeginTearingDown for /Game/Maps/UEDPIE_0_Room
[2021.05.29-12.15.26:056][241]LogSlate: Window 'RealisticRendering Game Preview Standalone (64-bit/PCD3D_SM5)' being destroyed
[2021.05.29-12.15.26:063][241]LogAudioMixer: Display: No commands were queued while flushing the source manager.
[2021.05.29-12.15.26:064][241]LogWorld: UWorld::CleanupWorld for Room, bSessionEnded=true, bCleanupResources=true
[2021.05.29-12.15.26:065][241]LogSlate: InvalidateAllWidgets triggered.  All widgets were invalidated
[2021.05.29-12.15.26:074][241]LogPlayLevel: Display: Shutting down PIE online subsystems
[2021.05.29-12.15.26:074][241]LogBlueprintUserMessages: Late EndPlayMap Detection: Level '/Game/Maps/Room.Room:PersistentLevel' has LevelScriptBlueprint '/Game/Maps/Room.Room:PersistentLevel.Room' with GeneratedClass '/Game/Maps/Room.Room_C' with ClassGeneratedBy '/Game/Maps/Room.Room:PersistentLevel.Room'
[2021.05.29-12.15.26:079][241]LogSlate: InvalidateAllWidgets triggered.  All widgets were invalidated
[2021.05.29-12.15.26:109][241]LogAudioMixer: Display: No commands were queued while flushing the source manager.
[2021.05.29-12.15.26:115][241]LogUObjectHash: Compacting FUObjectHashTables data took   3.10ms
[2021.05.29-12.15.26:150][243]LogPlayLevel: Display: Destroying online subsystem :Context_10
[2021.05.29-12.15.30:217][539]LogEditorViewport: Clicking on Actor (LMB): StaticMeshActor (SM_Vase32)
[2021.05.29-12.15.59:500][845]LogUObjectHash: Compacting FUObjectHashTables data took   0.94ms
[2021.05.29-12.15.59:842][845]LogSavePackage: Moving 'C:/Users/sbirj/OneDrive/Documents/Unreal Projects/RealisticRendering/Saved/Room_Auto213785E854ABA01A87FC4DBBCE889198C.tmp' to 'C:/Users/sbirj/OneDrive/Documents/Unreal Projects/RealisticRendering/Saved/Autosaves/Game/Maps/Room_Auto2.umap'
[2021.05.29-12.15.59:843][845]LogFileHelpers: Editor autosave (incl. sublevels) for '/Game/Maps/Room' took 0.372
[2021.05.29-12.15.59:843][845]LogFileHelpers: Editor autosave (incl. sublevels) for all levels took 0.372
[2021.05.29-12.15.59:845][845]OBJ SavePackage: Generating thumbnails for [1] asset(s) in package [/Game/Blueprints/Lights/FloorLamp] ([1] browsable assets)...
[2021.05.29-12.15.59:869][845]OBJ SavePackage:     Rendered thumbnail for [Blueprint /Game/Blueprints/Lights/FloorLamp.FloorLamp]
[2021.05.29-12.15.59:869][845]OBJ SavePackage: Finished generating thumbnails for package [/Game/Blueprints/Lights/FloorLamp]
[2021.05.29-12.15.59:903][845]LogSavePackage: Moving 'C:/Users/sbirj/OneDrive/Documents/Unreal Projects/RealisticRendering/Saved/FloorLamp_Auto2E405DE914F7813478FA5258529C36ACF.tmp' to 'C:/Users/sbirj/OneDrive/Documents/Unreal Projects/RealisticRendering/Saved/Autosaves/Game/Blueprints/Lights/FloorLamp_Auto2.uasset'
[2021.05.29-12.15.59:904][845]OBJ SavePackage: Generating thumbnails for [0] asset(s) in package [/Game/Blueprints/FPS_Character] ([1] browsable assets)...
[2021.05.29-12.15.59:904][845]OBJ SavePackage: Finished generating thumbnails for package [/Game/Blueprints/FPS_Character]
[2021.05.29-12.15.59:927][845]LogSavePackage: Moving 'C:/Users/sbirj/OneDrive/Documents/Unreal Projects/RealisticRendering/Saved/FPS_Character_Auto29308A2254FC4687FEDAEDDB36DEEFB1E.tmp' to 'C:/Users/sbirj/OneDrive/Documents/Unreal Projects/RealisticRendering/Saved/Autosaves/Game/Blueprints/FPS_Character_Auto2.uasset'
[2021.05.29-12.15.59:928][845]LogFileHelpers: Auto-saving content packages took 0.083
[2021.05.29-12.42.18:539][195]LogAudioMixer: Warning: Changing default audio render device to new device: {0.0.0.00000000}.{45b39810-42b7-4c56-8cce-ab67d09877e0}.
